<?xml version="1.0" encoding="UTF-8"?>
<testsuite name="com.example.gympower.GympowerApplicationTests" tests="1" skipped="0" failures="0" errors="0" timestamp="2023-04-02T06:05:43" hostname="DESKTOP-G5LI6M0" time="0.147">
  <properties/>
  <testcase name="contextLoads()" classname="com.example.gympower.GympowerApplicationTests" time="0.147"/>
  <system-out><![CDATA[09:01:12.050 [Test worker] DEBUG org.springframework.test.context.BootstrapUtils - Instantiating CacheAwareContextLoaderDelegate from class [org.springframework.test.context.cache.DefaultCacheAwareContextLoaderDelegate]
09:01:12.060 [Test worker] DEBUG org.springframework.test.context.BootstrapUtils - Instantiating BootstrapContext using constructor [public org.springframework.test.context.support.DefaultBootstrapContext(java.lang.Class,org.springframework.test.context.CacheAwareContextLoaderDelegate)]
09:01:12.086 [Test worker] DEBUG org.springframework.test.context.BootstrapUtils - Instantiating TestContextBootstrapper for test class [com.example.gympower.GympowerApplicationTests] from class [org.springframework.boot.test.context.SpringBootTestContextBootstrapper]
09:01:12.096 [Test worker] INFO org.springframework.boot.test.context.SpringBootTestContextBootstrapper - Neither @ContextConfiguration nor @ContextHierarchy found for test class [com.example.gympower.GympowerApplicationTests], using SpringBootContextLoader
09:01:12.100 [Test worker] DEBUG org.springframework.test.context.support.AbstractContextLoader - Did not detect default resource location for test class [com.example.gympower.GympowerApplicationTests]: class path resource [com/example/gympower/GympowerApplicationTests-context.xml] does not exist
09:01:12.100 [Test worker] DEBUG org.springframework.test.context.support.AbstractContextLoader - Did not detect default resource location for test class [com.example.gympower.GympowerApplicationTests]: class path resource [com/example/gympower/GympowerApplicationTestsContext.groovy] does not exist
09:01:12.101 [Test worker] INFO org.springframework.test.context.support.AbstractContextLoader - Could not detect default resource locations for test class [com.example.gympower.GympowerApplicationTests]: no resource found for suffixes {-context.xml, Context.groovy}.
09:01:12.101 [Test worker] INFO org.springframework.test.context.support.AnnotationConfigContextLoaderUtils - Could not detect default configuration classes for test class [com.example.gympower.GympowerApplicationTests]: GympowerApplicationTests does not declare any static, non-private, non-final, nested classes annotated with @Configuration.
09:01:12.132 [Test worker] DEBUG org.springframework.test.context.support.ActiveProfilesUtils - Could not find an 'annotation declaring class' for annotation type [org.springframework.test.context.ActiveProfiles] and class [com.example.gympower.GympowerApplicationTests]
09:01:12.182 [Test worker] DEBUG org.springframework.context.annotation.ClassPathScanningCandidateComponentProvider - Identified candidate component class: file [C:\Users\Shadowwalker\IdeaProjects\Java_Web\gympower\build\classes\java\main\com\example\gympower\GympowerApplication.class]
09:01:12.184 [Test worker] INFO org.springframework.boot.test.context.SpringBootTestContextBootstrapper - Found @SpringBootConfiguration com.example.gympower.GympowerApplication for test class com.example.gympower.GympowerApplicationTests
09:01:12.267 [Test worker] DEBUG org.springframework.boot.test.context.SpringBootTestContextBootstrapper - @TestExecutionListeners is not present for class [com.example.gympower.GympowerApplicationTests]: using defaults.
09:01:12.267 [Test worker] INFO org.springframework.boot.test.context.SpringBootTestContextBootstrapper - Loaded default TestExecutionListener class names from location [META-INF/spring.factories]: [org.springframework.boot.test.autoconfigure.restdocs.RestDocsTestExecutionListener, org.springframework.boot.test.autoconfigure.web.client.MockRestServiceServerResetTestExecutionListener, org.springframework.boot.test.autoconfigure.web.servlet.MockMvcPrintOnlyOnFailureTestExecutionListener, org.springframework.boot.test.autoconfigure.web.servlet.WebDriverTestExecutionListener, org.springframework.boot.test.autoconfigure.webservices.client.MockWebServiceServerTestExecutionListener, org.springframework.boot.test.mock.mockito.MockitoTestExecutionListener, org.springframework.boot.test.mock.mockito.ResetMocksTestExecutionListener, org.springframework.test.context.web.ServletTestExecutionListener, org.springframework.test.context.support.DirtiesContextBeforeModesTestExecutionListener, org.springframework.test.context.event.ApplicationEventsTestExecutionListener, org.springframework.test.context.support.DependencyInjectionTestExecutionListener, org.springframework.test.context.support.DirtiesContextTestExecutionListener, org.springframework.test.context.transaction.TransactionalTestExecutionListener, org.springframework.test.context.jdbc.SqlScriptsTestExecutionListener, org.springframework.test.context.event.EventPublishingTestExecutionListener]
09:01:12.282 [Test worker] INFO org.springframework.boot.test.context.SpringBootTestContextBootstrapper - Using TestExecutionListeners: [org.springframework.test.context.web.ServletTestExecutionListener@319988b0, org.springframework.test.context.support.DirtiesContextBeforeModesTestExecutionListener@d5ae57e, org.springframework.test.context.event.ApplicationEventsTestExecutionListener@68759011, org.springframework.boot.test.mock.mockito.MockitoTestExecutionListener@7e242b4d, org.springframework.boot.test.autoconfigure.SpringBootDependencyInjectionTestExecutionListener@305f031, org.springframework.test.context.support.DirtiesContextTestExecutionListener@592e843a, org.springframework.test.context.transaction.TransactionalTestExecutionListener@1d1f7216, org.springframework.test.context.jdbc.SqlScriptsTestExecutionListener@423e4cbb, org.springframework.test.context.event.EventPublishingTestExecutionListener@6e16b8b5, org.springframework.boot.test.autoconfigure.restdocs.RestDocsTestExecutionListener@43b4fe19, org.springframework.boot.test.autoconfigure.web.client.MockRestServiceServerResetTestExecutionListener@25ddbbbb, org.springframework.boot.test.autoconfigure.web.servlet.MockMvcPrintOnlyOnFailureTestExecutionListener@1536602f, org.springframework.boot.test.autoconfigure.web.servlet.WebDriverTestExecutionListener@4ebea12c, org.springframework.boot.test.autoconfigure.webservices.client.MockWebServiceServerTestExecutionListener@2a1edad4, org.springframework.boot.test.mock.mockito.ResetMocksTestExecutionListener@6256ac4f]
09:01:12.285 [Test worker] DEBUG org.springframework.test.context.support.AbstractDirtiesContextTestExecutionListener - Before test class: context [DefaultTestContext@89c10b7 testClass = GympowerApplicationTests, testInstance = [null], testMethod = [null], testException = [null], mergedContextConfiguration = [WebMergedContextConfiguration@5dbe30be testClass = GympowerApplicationTests, locations = '{}', classes = '{class com.example.gympower.GympowerApplication}', contextInitializerClasses = '[]', activeProfiles = '{}', propertySourceLocations = '{}', propertySourceProperties = '{org.springframework.boot.test.context.SpringBootTestContextBootstrapper=true}', contextCustomizers = set[org.springframework.boot.test.autoconfigure.actuate.metrics.MetricsExportContextCustomizerFactory$DisableMetricExportContextCustomizer@53fd0d10, org.springframework.boot.test.autoconfigure.properties.PropertyMappingContextCustomizer@0, org.springframework.boot.test.autoconfigure.web.servlet.WebDriverContextCustomizerFactory$Customizer@2f1de2d6, org.springframework.boot.test.context.filter.ExcludeFilterContextCustomizer@289710d9, org.springframework.boot.test.json.DuplicateJsonObjectContextCustomizerFactory$DuplicateJsonObjectContextCustomizer@4c51cf28, org.springframework.boot.test.mock.mockito.MockitoContextCustomizer@0, org.springframework.boot.test.web.client.TestRestTemplateContextCustomizer@18a136ac, org.springframework.boot.test.context.SpringBootTestArgs@1, org.springframework.boot.test.context.SpringBootTestWebEnvironment@3e84448c], resourceBasePath = 'src/main/webapp', contextLoader = 'org.springframework.boot.test.context.SpringBootContextLoader', parent = [null]], attributes = map['org.springframework.test.context.web.ServletTestExecutionListener.activateListener' -> true]], class annotated with @DirtiesContext [false] with mode [null].

  .   ____          _            __ _ _
 /\\ / ___'_ __ _ _(_)_ __  __ _ \ \ \ \
( ( )\___ | '_ | '_| | '_ \/ _` | \ \ \ \
 \\/  ___)| |_)| | | | | || (_| |  ) ) ) )
  '  |____| .__|_| |_|_| |_\__, | / / / /
 =========|_|==============|___/=/_/_/_/
 :: Spring Boot ::                (v2.7.3)

2023-04-02 09:01:12.593  INFO 11884 --- [    Test worker] c.e.gympower.GympowerApplicationTests    : Starting GympowerApplicationTests using Java 17.0.3.1 on DESKTOP-G5LI6M0 with PID 11884 (started by Shadowwalker in C:\Users\Shadowwalker\IdeaProjects\Java_Web\gympower)
2023-04-02 09:01:12.594  INFO 11884 --- [    Test worker] c.e.gympower.GympowerApplicationTests    : No active profile set, falling back to 1 default profile: "default"
2023-04-02 09:01:13.212  INFO 11884 --- [    Test worker] .s.d.r.c.RepositoryConfigurationDelegate : Bootstrapping Spring Data JPA repositories in DEFAULT mode.
2023-04-02 09:01:13.326  INFO 11884 --- [    Test worker] .s.d.r.c.RepositoryConfigurationDelegate : Finished Spring Data repository scanning in 103 ms. Found 16 JPA repository interfaces.
2023-04-02 09:01:13.822  INFO 11884 --- [    Test worker] com.zaxxer.hikari.HikariDataSource       : HikariPool-1 - Starting...
2023-04-02 09:01:15.859  INFO 11884 --- [    Test worker] com.zaxxer.hikari.HikariDataSource       : HikariPool-1 - Start completed.
2023-04-02 09:01:16.032  INFO 11884 --- [    Test worker] o.hibernate.jpa.internal.util.LogHelper  : HHH000204: Processing PersistenceUnitInfo [name: default]
2023-04-02 09:01:16.102  INFO 11884 --- [    Test worker] org.hibernate.Version                    : HHH000412: Hibernate ORM core version 5.6.10.Final
2023-04-02 09:01:16.300  INFO 11884 --- [    Test worker] o.hibernate.annotations.common.Version   : HCANN000001: Hibernate Commons Annotations {5.1.2.Final}
2023-04-02 09:01:16.617  INFO 11884 --- [    Test worker] org.hibernate.dialect.Dialect            : HHH000400: Using dialect: org.hibernate.dialect.PostgreSQLDialect
Hibernate: alter table cart_items drop constraint FK3ao95yr7xhewf1e3r98qm4nad
Hibernate: alter table colors_pictures drop constraint FKeabma9n2nu8t6l2rnibf2grg7
Hibernate: alter table colors_pictures drop constraint FKpk1icq6a41jhd6sfr0934ni5a
Hibernate: alter table colors_sizes drop constraint FKhvdraymu2bbf8vxoywe2fm69n
Hibernate: alter table colors_sizes drop constraint FKo81a79kr2duq5ig2375yat6p8
Hibernate: alter table comments drop constraint FKn2na60ukhs76ibtpt9burkm27
Hibernate: alter table exclusives drop constraint FK3uy5ctno9w6a8k6x7225s1710
Hibernate: alter table exclusives_discounted_categories drop constraint FK9p8hob9hodqxf3aayiejaaxsb
Hibernate: alter table exclusives_discounted_categories drop constraint FKjqo9363v0n85t43ran60pafyi
Hibernate: alter table flavors_cuts drop constraint FK1w8dag0v34i6eotkux69cx372
Hibernate: alter table flavors_cuts drop constraint FKielfwjqlqrtr2m1lhg7ovfk8
Hibernate: alter table flavors_pictures drop constraint FK70yuudl5hpoec35m5g7l2jxno
Hibernate: alter table flavors_pictures drop constraint FKj1nyl2h5efxr0d9cbeid7r0ro
Hibernate: alter table orders drop constraint FKhlglkvf5i60dv6dn397ethgpt
Hibernate: alter table orders drop constraint FKm5letvn141v0flinbgcc1t74q
Hibernate: alter table orders drop constraint FK32ql8ubntj5uh44ph9659tiih
Hibernate: alter table orders_ordered_products drop constraint FKes02wkofelakv985amq9houxk
Hibernate: alter table orders_ordered_products drop constraint FKemhx9u25v1efmwpfrqwi43obq
Hibernate: alter table supplement_categories drop constraint FKfjvifatnfmrcxuc0ixi16jgxo
Hibernate: alter table supplement_categories drop constraint FKkx0077qsq7y3vx7i4widw08g5
Hibernate: alter table supplement_comments drop constraint FK74k22o8edntgq18n90d2aam1d
Hibernate: alter table supplement_comments drop constraint FKpfwjysjncgl8vpx8rkht5xtcr
Hibernate: alter table supplement_flavors drop constraint FK6jo4nvovykadeu9a4233rd4tu
Hibernate: alter table supplement_flavors drop constraint FKg282iyx0tjl543vjfuqyw2ngf
Hibernate: alter table supplement_special_features drop constraint FK3q747d02cntt1vlfegltqqa8x
Hibernate: alter table supplement_special_features drop constraint FKoocunmcjlnc7rsfx5mpweu6gc
Hibernate: alter table users drop constraint FKe8vydtk7hf0y16bfm558sywbb
Hibernate: alter table users drop constraint FK5dlgvwejsiy6ah0w4t323u7u3
Hibernate: alter table users_cart_items drop constraint FKiwboyugfsxgi2ic0swowhlh6q
Hibernate: alter table users_cart_items drop constraint FKqkx2mgeedt51hyvt2o9nrsktv
Hibernate: alter table users_orders drop constraint FK2lnf5jw8p8q0ytkr8dp0mlx6
Hibernate: alter table users_orders drop constraint FKmuqb6d25iv6m3qi3o6mula8vf
Hibernate: alter table users_user_roles drop constraint FKdwlsjl9336fne9vntsddpf6xs
Hibernate: alter table users_user_roles drop constraint FKmch2wehr2qllj0ub9y4anjs9i
Hibernate: alter table wear_available_colors drop constraint FKas2eexyb18oosg9acqiaoy054
Hibernate: alter table wear_available_colors drop constraint FKfdoicf2a0t3bo2fq9qa4awjmt
Hibernate: alter table wear_categories drop constraint FKi51o15au0ai6pqctghaw6xgxj
Hibernate: alter table wear_categories drop constraint FK7mm69nmpq6mtmepv4a18w4mh8
Hibernate: alter table wear_comments drop constraint FKn8l6059s69qxwvbkhmrivf2jo
Hibernate: alter table wear_comments drop constraint FKqae2l7hj47vd2yixxl3xa9yqg
Hibernate: drop table if exists addresses cascade
Hibernate: drop table if exists cart_items cascade
Hibernate: drop table if exists categories cascade
Hibernate: drop table if exists colors cascade
Hibernate: drop table if exists colors_pictures cascade
Hibernate: drop table if exists colors_sizes cascade
Hibernate: drop table if exists comments cascade
Hibernate: drop table if exists cuts cascade
Hibernate: drop table if exists exclusives cascade
Hibernate: drop table if exists exclusives_discounted_categories cascade
Hibernate: drop table if exists flavors cascade
Hibernate: drop table if exists flavors_cuts cascade
Hibernate: drop table if exists flavors_pictures cascade
Hibernate: drop table if exists order_statuses cascade
Hibernate: drop table if exists ordered_products cascade
Hibernate: drop table if exists orders cascade
Hibernate: drop table if exists orders_ordered_products cascade
Hibernate: drop table if exists pictures cascade
Hibernate: drop table if exists sizes cascade
Hibernate: drop table if exists special_features cascade
Hibernate: drop table if exists supplement cascade
Hibernate: drop table if exists supplement_categories cascade
Hibernate: drop table if exists supplement_comments cascade
Hibernate: drop table if exists supplement_flavors cascade
Hibernate: drop table if exists supplement_special_features cascade
Hibernate: drop table if exists user_roles cascade
Hibernate: drop table if exists users cascade
Hibernate: drop table if exists users_cart_items cascade
Hibernate: drop table if exists users_orders cascade
Hibernate: drop table if exists users_user_roles cascade
Hibernate: drop table if exists wear cascade
Hibernate: drop table if exists wear_available_colors cascade
Hibernate: drop table if exists wear_categories cascade
Hibernate: drop table if exists wear_comments cascade
Hibernate: create table addresses (id  bigserial not null, city varchar(255) not null, country varchar(255) not null, post_code varchar(255) not null, street_address varchar(255) not null, primary key (id))
Hibernate: create table cart_items (id  bigserial not null, color varchar(255), quantity int4 not null, size varchar(255), wear_id int8, primary key (id))
Hibernate: create table categories (id  bigserial not null, category_name varchar(255) not null, description TEXT, primary key (id))
Hibernate: create table colors (id  bigserial not null, color_code varchar(255) not null, color_name varchar(255) not null, cost numeric(19, 2) not null, is_available boolean not null, price numeric(19, 2) not null, primary key (id))
Hibernate: create table colors_pictures (color_id int8 not null, pictures_id int8 not null, primary key (color_id, pictures_id))
Hibernate: create table colors_sizes (color_id int8 not null, sizes_id int8 not null, primary key (color_id, sizes_id))
Hibernate: create table comments (id  bigserial not null, approved boolean not null, content TEXT not null, written timestamp, author_id int8, primary key (id))
Hibernate: create table cuts (id  bigserial not null, cost numeric(19, 2) not null, price numeric(19, 2) not null, produced int4 not null, quantity float8 not null, unit varchar(255) not null, primary key (id))
Hibernate: create table exclusives (id  bigserial not null, discount_percent int4 not null, end_date date, is_active boolean not null, start_date date, title varchar(255) not null, exclusive_picture_id int8, primary key (id))
Hibernate: create table exclusives_discounted_categories (exclusive_offer_id int8 not null, discounted_categories_id int8 not null, primary key (exclusive_offer_id, discounted_categories_id))
Hibernate: create table flavors (id  bigserial not null, flavor_name varchar(255) not null, is_available boolean not null, primary key (id))
Hibernate: create table flavors_cuts (flavor_id int8 not null, cuts_id int8 not null, primary key (flavor_id, cuts_id))
Hibernate: create table flavors_pictures (flavor_id int8 not null, pictures_id int8 not null, primary key (flavor_id, pictures_id))
Hibernate: create table order_statuses (id  bigserial not null, status_name varchar(255) not null, primary key (id))
Hibernate: create table ordered_products (id  bigserial not null, color_or_flavor varchar(255) not null, cost float8 not null, count int4 not null, name varchar(255) not null, picture_url varchar(255) not null, price float8 not null, size_or_quantity varchar(255) not null, type varchar(255) not null, primary key (id))
Hibernate: create table orders (id  bigserial not null, created_at timestamp not null, total_cost numeric(19, 2), total_income numeric(19, 2), address_id int8, status_id int8, user_id int8, primary key (id))
Hibernate: create table orders_ordered_products (order_id int8 not null, ordered_products_id int8 not null)
Hibernate: create table pictures (id  bigserial not null, title varchar(255), url TEXT, primary key (id))
Hibernate: create table sizes (id  bigserial not null, is_active boolean not null, items_produced int4 not null, name varchar(255), primary key (id))
Hibernate: create table special_features (id  bigserial not null, feature varchar(255) not null, primary key (id))
Hibernate: create table supplement (id  bigserial not null, added timestamp, description TEXT, name varchar(255) not null, rating float8, slogan varchar(255), primary key (id))
Hibernate: create table supplement_categories (supplement_id int8 not null, categories_id int8 not null, primary key (supplement_id, categories_id))
Hibernate: create table supplement_comments (supplement_id int8 not null, comments_id int8 not null, primary key (supplement_id, comments_id))
Hibernate: create table supplement_flavors (supplement_id int8 not null, flavors_id int8 not null, primary key (supplement_id, flavors_id))
Hibernate: create table supplement_special_features (supplement_id int8 not null, special_features_id int8 not null, primary key (supplement_id, special_features_id))
Hibernate: create table user_roles (id  bigserial not null, role varchar(255) not null, primary key (id))
Hibernate: create table users (id  bigserial not null, email varchar(255) not null, first_name varchar(255), last_name varchar(255), password varchar(255) not null, phone_number varchar(255), username varchar(255) not null, address_id int8, profile_photo_id int8, primary key (id))
Hibernate: create table users_cart_items (user_entity_id int8 not null, cart_items_id int8 not null)
Hibernate: create table users_orders (user_entity_id int8 not null, orders_id int8 not null)
Hibernate: create table users_user_roles (user_entity_id int8 not null, user_roles_id int8 not null, primary key (user_entity_id, user_roles_id))
Hibernate: create table wear (id  bigserial not null, added timestamp, description TEXT, name varchar(255) not null, rating float8, slogan varchar(255), fabric varchar(255), primary key (id))
Hibernate: create table wear_available_colors (wear_id int8 not null, available_colors_id int8 not null, primary key (wear_id, available_colors_id))
Hibernate: create table wear_categories (wear_id int8 not null, categories_id int8 not null, primary key (wear_id, categories_id))
Hibernate: create table wear_comments (wear_id int8 not null, comments_id int8 not null, primary key (wear_id, comments_id))
Hibernate: alter table categories add constraint UK_41g4n0emuvcm3qyf1f6cn43c0 unique (category_name)
Hibernate: alter table exclusives add constraint UK_ldheikqejvsv2uqbmevf2gnpo unique (title)
Hibernate: alter table supplement add constraint UK_dm44cd157ve6nsbmfkpssp0p unique (name)
Hibernate: alter table supplement_comments add constraint UK_3mi62j0jau7jbt46n8i3ka478 unique (comments_id)
Hibernate: alter table users add constraint UK_6dotkott2kjsp8vw4d0m25fb7 unique (email)
Hibernate: alter table users add constraint UK_r53o2ojjw4fikudfnsuuga336 unique (password)
Hibernate: alter table users add constraint UK_9q63snka3mdh91as4io72espi unique (phone_number)
Hibernate: alter table users add constraint UK_r43af9ap4edm43mmtq01oddj6 unique (username)
Hibernate: alter table users_cart_items add constraint UK_h0wwntwppfwpeapuehpdetmig unique (cart_items_id)
Hibernate: alter table users_orders add constraint UK_1njdfitph68mh7p7c6f3qc736 unique (orders_id)
Hibernate: alter table wear add constraint UK_iyfftrqc7qjxyinxwy2agrkss unique (name)
Hibernate: alter table wear_comments add constraint UK_dvuilpqv7wjd4audwgrvqpbbf unique (comments_id)
Hibernate: alter table cart_items add constraint FK3ao95yr7xhewf1e3r98qm4nad foreign key (wear_id) references wear
Hibernate: alter table colors_pictures add constraint FKeabma9n2nu8t6l2rnibf2grg7 foreign key (pictures_id) references pictures
Hibernate: alter table colors_pictures add constraint FKpk1icq6a41jhd6sfr0934ni5a foreign key (color_id) references colors
Hibernate: alter table colors_sizes add constraint FKhvdraymu2bbf8vxoywe2fm69n foreign key (sizes_id) references sizes
Hibernate: alter table colors_sizes add constraint FKo81a79kr2duq5ig2375yat6p8 foreign key (color_id) references colors
Hibernate: alter table comments add constraint FKn2na60ukhs76ibtpt9burkm27 foreign key (author_id) references users
Hibernate: alter table exclusives add constraint FK3uy5ctno9w6a8k6x7225s1710 foreign key (exclusive_picture_id) references pictures
Hibernate: alter table exclusives_discounted_categories add constraint FK9p8hob9hodqxf3aayiejaaxsb foreign key (discounted_categories_id) references categories
Hibernate: alter table exclusives_discounted_categories add constraint FKjqo9363v0n85t43ran60pafyi foreign key (exclusive_offer_id) references exclusives
Hibernate: alter table flavors_cuts add constraint FK1w8dag0v34i6eotkux69cx372 foreign key (cuts_id) references cuts
Hibernate: alter table flavors_cuts add constraint FKielfwjqlqrtr2m1lhg7ovfk8 foreign key (flavor_id) references flavors
Hibernate: alter table flavors_pictures add constraint FK70yuudl5hpoec35m5g7l2jxno foreign key (pictures_id) references pictures
Hibernate: alter table flavors_pictures add constraint FKj1nyl2h5efxr0d9cbeid7r0ro foreign key (flavor_id) references flavors
Hibernate: alter table orders add constraint FKhlglkvf5i60dv6dn397ethgpt foreign key (address_id) references addresses
Hibernate: alter table orders add constraint FKm5letvn141v0flinbgcc1t74q foreign key (status_id) references order_statuses
Hibernate: alter table orders add constraint FK32ql8ubntj5uh44ph9659tiih foreign key (user_id) references users
Hibernate: alter table orders_ordered_products add constraint FKes02wkofelakv985amq9houxk foreign key (ordered_products_id) references ordered_products
Hibernate: alter table orders_ordered_products add constraint FKemhx9u25v1efmwpfrqwi43obq foreign key (order_id) references orders
Hibernate: alter table supplement_categories add constraint FKfjvifatnfmrcxuc0ixi16jgxo foreign key (categories_id) references categories
Hibernate: alter table supplement_categories add constraint FKkx0077qsq7y3vx7i4widw08g5 foreign key (supplement_id) references supplement
Hibernate: alter table supplement_comments add constraint FK74k22o8edntgq18n90d2aam1d foreign key (comments_id) references comments
Hibernate: alter table supplement_comments add constraint FKpfwjysjncgl8vpx8rkht5xtcr foreign key (supplement_id) references supplement
Hibernate: alter table supplement_flavors add constraint FK6jo4nvovykadeu9a4233rd4tu foreign key (flavors_id) references flavors
Hibernate: alter table supplement_flavors add constraint FKg282iyx0tjl543vjfuqyw2ngf foreign key (supplement_id) references supplement
Hibernate: alter table supplement_special_features add constraint FK3q747d02cntt1vlfegltqqa8x foreign key (special_features_id) references special_features
Hibernate: alter table supplement_special_features add constraint FKoocunmcjlnc7rsfx5mpweu6gc foreign key (supplement_id) references supplement
Hibernate: alter table users add constraint FKe8vydtk7hf0y16bfm558sywbb foreign key (address_id) references addresses
Hibernate: alter table users add constraint FK5dlgvwejsiy6ah0w4t323u7u3 foreign key (profile_photo_id) references pictures
Hibernate: alter table users_cart_items add constraint FKiwboyugfsxgi2ic0swowhlh6q foreign key (cart_items_id) references cart_items
Hibernate: alter table users_cart_items add constraint FKqkx2mgeedt51hyvt2o9nrsktv foreign key (user_entity_id) references users
Hibernate: alter table users_orders add constraint FK2lnf5jw8p8q0ytkr8dp0mlx6 foreign key (orders_id) references orders
Hibernate: alter table users_orders add constraint FKmuqb6d25iv6m3qi3o6mula8vf foreign key (user_entity_id) references users
Hibernate: alter table users_user_roles add constraint FKdwlsjl9336fne9vntsddpf6xs foreign key (user_roles_id) references user_roles
Hibernate: alter table users_user_roles add constraint FKmch2wehr2qllj0ub9y4anjs9i foreign key (user_entity_id) references users
Hibernate: alter table wear_available_colors add constraint FKas2eexyb18oosg9acqiaoy054 foreign key (available_colors_id) references colors
Hibernate: alter table wear_available_colors add constraint FKfdoicf2a0t3bo2fq9qa4awjmt foreign key (wear_id) references wear
Hibernate: alter table wear_categories add constraint FKi51o15au0ai6pqctghaw6xgxj foreign key (categories_id) references categories
Hibernate: alter table wear_categories add constraint FK7mm69nmpq6mtmepv4a18w4mh8 foreign key (wear_id) references wear
Hibernate: alter table wear_comments add constraint FKn8l6059s69qxwvbkhmrivf2jo foreign key (comments_id) references comments
Hibernate: alter table wear_comments add constraint FKqae2l7hj47vd2yixxl3xa9yqg foreign key (wear_id) references wear
2023-04-02 09:01:49.623  INFO 11884 --- [    Test worker] o.h.e.t.j.p.i.JtaPlatformInitiator       : HHH000490: Using JtaPlatform implementation: [org.hibernate.engine.transaction.jta.platform.internal.NoJtaPlatform]
2023-04-02 09:01:49.631  INFO 11884 --- [    Test worker] j.LocalContainerEntityManagerFactoryBean : Initialized JPA EntityManagerFactory for persistence unit 'default'
2023-04-02 09:01:50.763  INFO 11884 --- [    Test worker] o.s.s.web.DefaultSecurityFilterChain     : Will secure any request with [org.springframework.security.web.session.DisableEncodeUrlFilter@55b78dad, org.springframework.security.web.context.request.async.WebAsyncManagerIntegrationFilter@47f4dc8d, org.springframework.security.web.context.SecurityContextPersistenceFilter@9e4388d, org.springframework.security.web.header.HeaderWriterFilter@5134a7d6, org.springframework.security.web.authentication.logout.LogoutFilter@5605a59b, org.springframework.security.web.savedrequest.RequestCacheAwareFilter@2a6871ad, org.springframework.security.web.servletapi.SecurityContextHolderAwareRequestFilter@260043d, org.springframework.security.web.authentication.AnonymousAuthenticationFilter@689fcf08, org.springframework.security.web.session.SessionManagementFilter@3d2b8e, org.springframework.security.web.access.ExceptionTranslationFilter@535aa7c7, org.springframework.security.web.access.intercept.FilterSecurityInterceptor@75b6bd41]
2023-04-02 09:01:51.046  WARN 11884 --- [    Test worker] JpaBaseConfiguration$JpaWebConfiguration : spring.jpa.open-in-view is enabled by default. Therefore, database queries may be performed during view rendering. Explicitly configure spring.jpa.open-in-view to disable this warning
2023-04-02 09:01:51.723  INFO 11884 --- [    Test worker] c.e.gympower.GympowerApplicationTests    : Started GympowerApplicationTests in 39.402 seconds (JVM running for 40.353)
Hibernate: insert into cuts (cost, price, produced, quantity, unit) values (?, ?, ?, ?, ?)
Hibernate: insert into cuts (cost, price, produced, quantity, unit) values (?, ?, ?, ?, ?)
Hibernate: insert into cuts (cost, price, produced, quantity, unit) values (?, ?, ?, ?, ?)
Hibernate: insert into cuts (cost, price, produced, quantity, unit) values (?, ?, ?, ?, ?)
Hibernate: insert into cuts (cost, price, produced, quantity, unit) values (?, ?, ?, ?, ?)
Hibernate: insert into cuts (cost, price, produced, quantity, unit) values (?, ?, ?, ?, ?)
Hibernate: insert into cuts (cost, price, produced, quantity, unit) values (?, ?, ?, ?, ?)
Hibernate: insert into cuts (cost, price, produced, quantity, unit) values (?, ?, ?, ?, ?)
Hibernate: insert into cuts (cost, price, produced, quantity, unit) values (?, ?, ?, ?, ?)
Hibernate: insert into cuts (cost, price, produced, quantity, unit) values (?, ?, ?, ?, ?)
Hibernate: insert into cuts (cost, price, produced, quantity, unit) values (?, ?, ?, ?, ?)
Hibernate: insert into cuts (cost, price, produced, quantity, unit) values (?, ?, ?, ?, ?)
Hibernate: insert into cuts (cost, price, produced, quantity, unit) values (?, ?, ?, ?, ?)
Hibernate: insert into cuts (cost, price, produced, quantity, unit) values (?, ?, ?, ?, ?)
Hibernate: insert into cuts (cost, price, produced, quantity, unit) values (?, ?, ?, ?, ?)
Hibernate: insert into cuts (cost, price, produced, quantity, unit) values (?, ?, ?, ?, ?)
Hibernate: insert into pictures (title, url) values (?, ?)
Hibernate: insert into pictures (title, url) values (?, ?)
Hibernate: insert into pictures (title, url) values (?, ?)
Hibernate: insert into pictures (title, url) values (?, ?)
Hibernate: insert into pictures (title, url) values (?, ?)
Hibernate: insert into pictures (title, url) values (?, ?)
Hibernate: insert into pictures (title, url) values (?, ?)
Hibernate: insert into pictures (title, url) values (?, ?)
Hibernate: insert into pictures (title, url) values (?, ?)
Hibernate: insert into pictures (title, url) values (?, ?)
Hibernate: insert into pictures (title, url) values (?, ?)
Hibernate: insert into pictures (title, url) values (?, ?)
Hibernate: insert into pictures (title, url) values (?, ?)
Hibernate: insert into pictures (title, url) values (?, ?)
Hibernate: insert into pictures (title, url) values (?, ?)
Hibernate: insert into pictures (title, url) values (?, ?)
Hibernate: insert into pictures (title, url) values (?, ?)
Hibernate: insert into pictures (title, url) values (?, ?)
Hibernate: insert into pictures (title, url) values (?, ?)
Hibernate: insert into pictures (title, url) values (?, ?)
Hibernate: insert into pictures (title, url) values (?, ?)
Hibernate: insert into pictures (title, url) values (?, ?)
Hibernate: insert into pictures (title, url) values (?, ?)
Hibernate: insert into pictures (title, url) values (?, ?)
Hibernate: insert into pictures (title, url) values (?, ?)
Hibernate: insert into pictures (title, url) values (?, ?)
Hibernate: insert into pictures (title, url) values (?, ?)
Hibernate: insert into pictures (title, url) values (?, ?)
Hibernate: insert into pictures (title, url) values (?, ?)
Hibernate: insert into flavors (flavor_name, is_available) values (?, ?)
Hibernate: insert into flavors_cuts (flavor_id, cuts_id) values (?, ?)
Hibernate: insert into flavors_cuts (flavor_id, cuts_id) values (?, ?)
Hibernate: insert into flavors_cuts (flavor_id, cuts_id) values (?, ?)
Hibernate: insert into flavors_cuts (flavor_id, cuts_id) values (?, ?)
Hibernate: insert into flavors_pictures (flavor_id, pictures_id) values (?, ?)
Hibernate: insert into flavors_pictures (flavor_id, pictures_id) values (?, ?)
Hibernate: insert into flavors (flavor_name, is_available) values (?, ?)
Hibernate: insert into flavors_cuts (flavor_id, cuts_id) values (?, ?)
Hibernate: insert into flavors_cuts (flavor_id, cuts_id) values (?, ?)
Hibernate: insert into flavors_cuts (flavor_id, cuts_id) values (?, ?)
Hibernate: insert into flavors_pictures (flavor_id, pictures_id) values (?, ?)
Hibernate: insert into flavors_pictures (flavor_id, pictures_id) values (?, ?)
Hibernate: insert into flavors (flavor_name, is_available) values (?, ?)
Hibernate: insert into flavors_cuts (flavor_id, cuts_id) values (?, ?)
Hibernate: insert into flavors_cuts (flavor_id, cuts_id) values (?, ?)
Hibernate: insert into flavors_cuts (flavor_id, cuts_id) values (?, ?)
Hibernate: insert into flavors_cuts (flavor_id, cuts_id) values (?, ?)
Hibernate: insert into flavors_pictures (flavor_id, pictures_id) values (?, ?)
Hibernate: insert into flavors_pictures (flavor_id, pictures_id) values (?, ?)
Hibernate: insert into flavors (flavor_name, is_available) values (?, ?)
Hibernate: insert into flavors_cuts (flavor_id, cuts_id) values (?, ?)
Hibernate: insert into flavors_cuts (flavor_id, cuts_id) values (?, ?)
Hibernate: insert into flavors_pictures (flavor_id, pictures_id) values (?, ?)
Hibernate: insert into flavors_pictures (flavor_id, pictures_id) values (?, ?)
Hibernate: insert into flavors (flavor_name, is_available) values (?, ?)
Hibernate: insert into flavors_cuts (flavor_id, cuts_id) values (?, ?)
Hibernate: insert into flavors_cuts (flavor_id, cuts_id) values (?, ?)
Hibernate: insert into flavors_cuts (flavor_id, cuts_id) values (?, ?)
Hibernate: insert into flavors_cuts (flavor_id, cuts_id) values (?, ?)
Hibernate: insert into flavors_pictures (flavor_id, pictures_id) values (?, ?)
Hibernate: insert into flavors_pictures (flavor_id, pictures_id) values (?, ?)
Hibernate: insert into flavors (flavor_name, is_available) values (?, ?)
Hibernate: insert into flavors_cuts (flavor_id, cuts_id) values (?, ?)
Hibernate: insert into flavors_cuts (flavor_id, cuts_id) values (?, ?)
Hibernate: insert into flavors_pictures (flavor_id, pictures_id) values (?, ?)
Hibernate: insert into flavors_pictures (flavor_id, pictures_id) values (?, ?)
Hibernate: insert into flavors (flavor_name, is_available) values (?, ?)
Hibernate: insert into flavors_cuts (flavor_id, cuts_id) values (?, ?)
Hibernate: insert into flavors_cuts (flavor_id, cuts_id) values (?, ?)
Hibernate: insert into flavors_cuts (flavor_id, cuts_id) values (?, ?)
Hibernate: insert into flavors_cuts (flavor_id, cuts_id) values (?, ?)
Hibernate: insert into flavors_pictures (flavor_id, pictures_id) values (?, ?)
Hibernate: insert into flavors_pictures (flavor_id, pictures_id) values (?, ?)
Hibernate: insert into flavors (flavor_name, is_available) values (?, ?)
Hibernate: insert into flavors_cuts (flavor_id, cuts_id) values (?, ?)
Hibernate: insert into flavors_cuts (flavor_id, cuts_id) values (?, ?)
Hibernate: insert into flavors_cuts (flavor_id, cuts_id) values (?, ?)
Hibernate: insert into flavors_cuts (flavor_id, cuts_id) values (?, ?)
Hibernate: insert into flavors_pictures (flavor_id, pictures_id) values (?, ?)
Hibernate: insert into flavors_pictures (flavor_id, pictures_id) values (?, ?)
Hibernate: insert into flavors (flavor_name, is_available) values (?, ?)
Hibernate: insert into flavors_cuts (flavor_id, cuts_id) values (?, ?)
Hibernate: insert into flavors_cuts (flavor_id, cuts_id) values (?, ?)
Hibernate: insert into flavors_pictures (flavor_id, pictures_id) values (?, ?)
Hibernate: insert into flavors_pictures (flavor_id, pictures_id) values (?, ?)
Hibernate: insert into flavors (flavor_name, is_available) values (?, ?)
Hibernate: insert into flavors_cuts (flavor_id, cuts_id) values (?, ?)
Hibernate: insert into flavors_cuts (flavor_id, cuts_id) values (?, ?)
Hibernate: insert into flavors_pictures (flavor_id, pictures_id) values (?, ?)
Hibernate: insert into flavors_pictures (flavor_id, pictures_id) values (?, ?)
Hibernate: insert into flavors (flavor_name, is_available) values (?, ?)
Hibernate: insert into flavors_cuts (flavor_id, cuts_id) values (?, ?)
Hibernate: insert into flavors_cuts (flavor_id, cuts_id) values (?, ?)
Hibernate: insert into flavors_cuts (flavor_id, cuts_id) values (?, ?)
Hibernate: insert into flavors_cuts (flavor_id, cuts_id) values (?, ?)
Hibernate: insert into flavors_pictures (flavor_id, pictures_id) values (?, ?)
Hibernate: insert into flavors_pictures (flavor_id, pictures_id) values (?, ?)
Hibernate: insert into flavors (flavor_name, is_available) values (?, ?)
Hibernate: insert into flavors_cuts (flavor_id, cuts_id) values (?, ?)
Hibernate: insert into flavors_cuts (flavor_id, cuts_id) values (?, ?)
Hibernate: insert into flavors_cuts (flavor_id, cuts_id) values (?, ?)
Hibernate: insert into flavors_pictures (flavor_id, pictures_id) values (?, ?)
Hibernate: insert into flavors (flavor_name, is_available) values (?, ?)
Hibernate: insert into flavors_cuts (flavor_id, cuts_id) values (?, ?)
Hibernate: insert into flavors_cuts (flavor_id, cuts_id) values (?, ?)
Hibernate: insert into flavors_pictures (flavor_id, pictures_id) values (?, ?)
Hibernate: insert into flavors (flavor_name, is_available) values (?, ?)
Hibernate: insert into flavors_cuts (flavor_id, cuts_id) values (?, ?)
Hibernate: insert into flavors_cuts (flavor_id, cuts_id) values (?, ?)
Hibernate: insert into flavors_cuts (flavor_id, cuts_id) values (?, ?)
Hibernate: insert into flavors_pictures (flavor_id, pictures_id) values (?, ?)
Hibernate: insert into flavors (flavor_name, is_available) values (?, ?)
Hibernate: insert into flavors_cuts (flavor_id, cuts_id) values (?, ?)
Hibernate: insert into flavors_cuts (flavor_id, cuts_id) values (?, ?)
Hibernate: insert into flavors_pictures (flavor_id, pictures_id) values (?, ?)
Hibernate: insert into flavors (flavor_name, is_available) values (?, ?)
Hibernate: insert into flavors_cuts (flavor_id, cuts_id) values (?, ?)
Hibernate: insert into flavors_pictures (flavor_id, pictures_id) values (?, ?)
Hibernate: insert into flavors_pictures (flavor_id, pictures_id) values (?, ?)
Hibernate: insert into flavors (flavor_name, is_available) values (?, ?)
Hibernate: insert into flavors_cuts (flavor_id, cuts_id) values (?, ?)
Hibernate: insert into flavors_cuts (flavor_id, cuts_id) values (?, ?)
Hibernate: insert into flavors_pictures (flavor_id, pictures_id) values (?, ?)
Hibernate: insert into flavors_pictures (flavor_id, pictures_id) values (?, ?)
Hibernate: insert into flavors_pictures (flavor_id, pictures_id) values (?, ?)
Hibernate: insert into flavors (flavor_name, is_available) values (?, ?)
Hibernate: insert into flavors_cuts (flavor_id, cuts_id) values (?, ?)
Hibernate: insert into flavors_pictures (flavor_id, pictures_id) values (?, ?)
Hibernate: insert into flavors (flavor_name, is_available) values (?, ?)
Hibernate: insert into flavors_cuts (flavor_id, cuts_id) values (?, ?)
Hibernate: insert into flavors_cuts (flavor_id, cuts_id) values (?, ?)
Hibernate: insert into flavors_pictures (flavor_id, pictures_id) values (?, ?)
Hibernate: insert into flavors_pictures (flavor_id, pictures_id) values (?, ?)
Hibernate: insert into flavors_pictures (flavor_id, pictures_id) values (?, ?)
Hibernate: insert into flavors (flavor_name, is_available) values (?, ?)
Hibernate: insert into flavors_cuts (flavor_id, cuts_id) values (?, ?)
Hibernate: insert into flavors_cuts (flavor_id, cuts_id) values (?, ?)
Hibernate: insert into flavors_pictures (flavor_id, pictures_id) values (?, ?)
Hibernate: insert into flavors_pictures (flavor_id, pictures_id) values (?, ?)
Hibernate: insert into flavors_pictures (flavor_id, pictures_id) values (?, ?)
Hibernate: insert into flavors (flavor_name, is_available) values (?, ?)
Hibernate: insert into flavors_cuts (flavor_id, cuts_id) values (?, ?)
Hibernate: insert into flavors_cuts (flavor_id, cuts_id) values (?, ?)
Hibernate: insert into flavors_cuts (flavor_id, cuts_id) values (?, ?)
Hibernate: insert into flavors_cuts (flavor_id, cuts_id) values (?, ?)
Hibernate: insert into flavors_pictures (flavor_id, pictures_id) values (?, ?)
Hibernate: insert into flavors_pictures (flavor_id, pictures_id) values (?, ?)
Hibernate: insert into flavors (flavor_name, is_available) values (?, ?)
Hibernate: insert into flavors_cuts (flavor_id, cuts_id) values (?, ?)
Hibernate: insert into flavors_cuts (flavor_id, cuts_id) values (?, ?)
Hibernate: insert into flavors_cuts (flavor_id, cuts_id) values (?, ?)
Hibernate: insert into flavors_pictures (flavor_id, pictures_id) values (?, ?)
Hibernate: insert into flavors_pictures (flavor_id, pictures_id) values (?, ?)
Hibernate: insert into flavors (flavor_name, is_available) values (?, ?)
Hibernate: insert into flavors_cuts (flavor_id, cuts_id) values (?, ?)
Hibernate: insert into flavors_cuts (flavor_id, cuts_id) values (?, ?)
Hibernate: insert into flavors_cuts (flavor_id, cuts_id) values (?, ?)
Hibernate: insert into flavors_cuts (flavor_id, cuts_id) values (?, ?)
Hibernate: insert into flavors_pictures (flavor_id, pictures_id) values (?, ?)
Hibernate: insert into flavors_pictures (flavor_id, pictures_id) values (?, ?)
Hibernate: insert into flavors (flavor_name, is_available) values (?, ?)
Hibernate: insert into flavors_cuts (flavor_id, cuts_id) values (?, ?)
Hibernate: insert into flavors_cuts (flavor_id, cuts_id) values (?, ?)
Hibernate: insert into flavors_pictures (flavor_id, pictures_id) values (?, ?)
Hibernate: insert into flavors (flavor_name, is_available) values (?, ?)
Hibernate: insert into flavors_cuts (flavor_id, cuts_id) values (?, ?)
Hibernate: insert into flavors_pictures (flavor_id, pictures_id) values (?, ?)
Hibernate: insert into flavors (flavor_name, is_available) values (?, ?)
Hibernate: insert into flavors_cuts (flavor_id, cuts_id) values (?, ?)
Hibernate: insert into flavors_pictures (flavor_id, pictures_id) values (?, ?)
Hibernate: insert into flavors (flavor_name, is_available) values (?, ?)
Hibernate: insert into flavors_cuts (flavor_id, cuts_id) values (?, ?)
Hibernate: insert into flavors_cuts (flavor_id, cuts_id) values (?, ?)
Hibernate: insert into flavors_pictures (flavor_id, pictures_id) values (?, ?)
Hibernate: insert into flavors (flavor_name, is_available) values (?, ?)
Hibernate: insert into flavors_cuts (flavor_id, cuts_id) values (?, ?)
Hibernate: insert into flavors_cuts (flavor_id, cuts_id) values (?, ?)
Hibernate: insert into flavors_pictures (flavor_id, pictures_id) values (?, ?)
Hibernate: insert into flavors (flavor_name, is_available) values (?, ?)
Hibernate: insert into flavors_cuts (flavor_id, cuts_id) values (?, ?)
Hibernate: insert into flavors_pictures (flavor_id, pictures_id) values (?, ?)
Hibernate: insert into flavors (flavor_name, is_available) values (?, ?)
Hibernate: insert into flavors_cuts (flavor_id, cuts_id) values (?, ?)
Hibernate: insert into flavors_cuts (flavor_id, cuts_id) values (?, ?)
Hibernate: insert into flavors_pictures (flavor_id, pictures_id) values (?, ?)
Hibernate: insert into special_features (feature) values (?)
Hibernate: insert into special_features (feature) values (?)
Hibernate: insert into special_features (feature) values (?)
Hibernate: insert into categories (category_name, description) values (?, ?)
Hibernate: insert into categories (category_name, description) values (?, ?)
Hibernate: insert into categories (category_name, description) values (?, ?)
Hibernate: insert into categories (category_name, description) values (?, ?)
Hibernate: insert into supplement (added, description, name, rating, slogan) values (?, ?, ?, ?, ?)
Hibernate: insert into supplement_categories (supplement_id, categories_id) values (?, ?)
Hibernate: insert into supplement_categories (supplement_id, categories_id) values (?, ?)
Hibernate: insert into supplement_flavors (supplement_id, flavors_id) values (?, ?)
Hibernate: insert into supplement_flavors (supplement_id, flavors_id) values (?, ?)
Hibernate: insert into supplement_flavors (supplement_id, flavors_id) values (?, ?)
Hibernate: insert into supplement_flavors (supplement_id, flavors_id) values (?, ?)
Hibernate: insert into supplement_flavors (supplement_id, flavors_id) values (?, ?)
Hibernate: insert into supplement_flavors (supplement_id, flavors_id) values (?, ?)
Hibernate: insert into supplement_flavors (supplement_id, flavors_id) values (?, ?)
Hibernate: insert into supplement_flavors (supplement_id, flavors_id) values (?, ?)
Hibernate: insert into supplement_flavors (supplement_id, flavors_id) values (?, ?)
Hibernate: insert into supplement_flavors (supplement_id, flavors_id) values (?, ?)
Hibernate: insert into supplement_flavors (supplement_id, flavors_id) values (?, ?)
Hibernate: insert into supplement_special_features (supplement_id, special_features_id) values (?, ?)
Hibernate: insert into supplement_special_features (supplement_id, special_features_id) values (?, ?)
Hibernate: insert into supplement (added, description, name, rating, slogan) values (?, ?, ?, ?, ?)
Hibernate: insert into supplement_categories (supplement_id, categories_id) values (?, ?)
Hibernate: insert into supplement_categories (supplement_id, categories_id) values (?, ?)
Hibernate: insert into supplement_flavors (supplement_id, flavors_id) values (?, ?)
Hibernate: insert into supplement_flavors (supplement_id, flavors_id) values (?, ?)
Hibernate: insert into supplement_flavors (supplement_id, flavors_id) values (?, ?)
Hibernate: insert into supplement_flavors (supplement_id, flavors_id) values (?, ?)
Hibernate: insert into supplement_special_features (supplement_id, special_features_id) values (?, ?)
Hibernate: insert into supplement (added, description, name, rating, slogan) values (?, ?, ?, ?, ?)
Hibernate: insert into supplement_categories (supplement_id, categories_id) values (?, ?)
Hibernate: insert into supplement_categories (supplement_id, categories_id) values (?, ?)
Hibernate: insert into supplement_flavors (supplement_id, flavors_id) values (?, ?)
Hibernate: insert into supplement_flavors (supplement_id, flavors_id) values (?, ?)
Hibernate: insert into supplement_flavors (supplement_id, flavors_id) values (?, ?)
Hibernate: insert into supplement_flavors (supplement_id, flavors_id) values (?, ?)
Hibernate: insert into supplement_special_features (supplement_id, special_features_id) values (?, ?)
Hibernate: insert into supplement_special_features (supplement_id, special_features_id) values (?, ?)
Hibernate: insert into supplement_special_features (supplement_id, special_features_id) values (?, ?)
Hibernate: insert into supplement (added, description, name, rating, slogan) values (?, ?, ?, ?, ?)
Hibernate: insert into supplement_categories (supplement_id, categories_id) values (?, ?)
Hibernate: insert into supplement_categories (supplement_id, categories_id) values (?, ?)
Hibernate: insert into supplement_flavors (supplement_id, flavors_id) values (?, ?)
Hibernate: insert into supplement_special_features (supplement_id, special_features_id) values (?, ?)
Hibernate: insert into supplement_special_features (supplement_id, special_features_id) values (?, ?)
Hibernate: insert into supplement (added, description, name, rating, slogan) values (?, ?, ?, ?, ?)
Hibernate: insert into supplement_categories (supplement_id, categories_id) values (?, ?)
Hibernate: insert into supplement_categories (supplement_id, categories_id) values (?, ?)
Hibernate: insert into supplement_flavors (supplement_id, flavors_id) values (?, ?)
Hibernate: insert into supplement_flavors (supplement_id, flavors_id) values (?, ?)
Hibernate: insert into supplement_special_features (supplement_id, special_features_id) values (?, ?)
Hibernate: insert into supplement_special_features (supplement_id, special_features_id) values (?, ?)
Hibernate: insert into supplement (added, description, name, rating, slogan) values (?, ?, ?, ?, ?)
Hibernate: insert into supplement_categories (supplement_id, categories_id) values (?, ?)
Hibernate: insert into supplement_categories (supplement_id, categories_id) values (?, ?)
Hibernate: insert into supplement_flavors (supplement_id, flavors_id) values (?, ?)
Hibernate: insert into supplement_flavors (supplement_id, flavors_id) values (?, ?)
Hibernate: insert into supplement_special_features (supplement_id, special_features_id) values (?, ?)
Hibernate: insert into supplement (added, description, name, rating, slogan) values (?, ?, ?, ?, ?)
Hibernate: insert into supplement_categories (supplement_id, categories_id) values (?, ?)
Hibernate: insert into supplement_categories (supplement_id, categories_id) values (?, ?)
Hibernate: insert into supplement_flavors (supplement_id, flavors_id) values (?, ?)
Hibernate: insert into supplement_special_features (supplement_id, special_features_id) values (?, ?)
Hibernate: insert into supplement_special_features (supplement_id, special_features_id) values (?, ?)
Hibernate: insert into supplement_special_features (supplement_id, special_features_id) values (?, ?)
Hibernate: insert into supplement (added, description, name, rating, slogan) values (?, ?, ?, ?, ?)
Hibernate: insert into supplement_categories (supplement_id, categories_id) values (?, ?)
Hibernate: insert into supplement_categories (supplement_id, categories_id) values (?, ?)
Hibernate: insert into supplement_flavors (supplement_id, flavors_id) values (?, ?)
Hibernate: insert into supplement (added, description, name, rating, slogan) values (?, ?, ?, ?, ?)
Hibernate: insert into supplement_categories (supplement_id, categories_id) values (?, ?)
Hibernate: insert into supplement_categories (supplement_id, categories_id) values (?, ?)
Hibernate: insert into supplement_flavors (supplement_id, flavors_id) values (?, ?)
Hibernate: insert into supplement (added, description, name, rating, slogan) values (?, ?, ?, ?, ?)
Hibernate: insert into supplement_categories (supplement_id, categories_id) values (?, ?)
Hibernate: insert into supplement_categories (supplement_id, categories_id) values (?, ?)
Hibernate: insert into supplement_flavors (supplement_id, flavors_id) values (?, ?)
Hibernate: insert into supplement (added, description, name, rating, slogan) values (?, ?, ?, ?, ?)
Hibernate: insert into supplement_categories (supplement_id, categories_id) values (?, ?)
Hibernate: insert into supplement_categories (supplement_id, categories_id) values (?, ?)
Hibernate: insert into supplement_flavors (supplement_id, flavors_id) values (?, ?)
Hibernate: insert into supplement_special_features (supplement_id, special_features_id) values (?, ?)
Hibernate: insert into supplement_special_features (supplement_id, special_features_id) values (?, ?)
Hibernate: insert into supplement (added, description, name, rating, slogan) values (?, ?, ?, ?, ?)
Hibernate: insert into supplement_categories (supplement_id, categories_id) values (?, ?)
Hibernate: insert into supplement_categories (supplement_id, categories_id) values (?, ?)
Hibernate: insert into supplement_flavors (supplement_id, flavors_id) values (?, ?)
Hibernate: insert into exclusives (discount_percent, end_date, exclusive_picture_id, is_active, start_date, title) values (?, ?, ?, ?, ?, ?)
Hibernate: insert into exclusives_discounted_categories (exclusive_offer_id, discounted_categories_id) values (?, ?)
Hibernate: insert into exclusives_discounted_categories (exclusive_offer_id, discounted_categories_id) values (?, ?)
Hibernate: insert into sizes (is_active, items_produced, name) values (?, ?, ?)
Hibernate: insert into sizes (is_active, items_produced, name) values (?, ?, ?)
Hibernate: insert into sizes (is_active, items_produced, name) values (?, ?, ?)
Hibernate: insert into sizes (is_active, items_produced, name) values (?, ?, ?)
Hibernate: insert into sizes (is_active, items_produced, name) values (?, ?, ?)
Hibernate: insert into sizes (is_active, items_produced, name) values (?, ?, ?)
Hibernate: insert into sizes (is_active, items_produced, name) values (?, ?, ?)
Hibernate: insert into sizes (is_active, items_produced, name) values (?, ?, ?)
Hibernate: insert into sizes (is_active, items_produced, name) values (?, ?, ?)
Hibernate: insert into sizes (is_active, items_produced, name) values (?, ?, ?)
Hibernate: insert into sizes (is_active, items_produced, name) values (?, ?, ?)
Hibernate: insert into categories (category_name, description) values (?, ?)
Hibernate: insert into categories (category_name, description) values (?, ?)
Hibernate: insert into categories (category_name, description) values (?, ?)
Hibernate: insert into categories (category_name, description) values (?, ?)
Hibernate: insert into categories (category_name, description) values (?, ?)
Hibernate: insert into categories (category_name, description) values (?, ?)
Hibernate: insert into categories (category_name, description) values (?, ?)
Hibernate: insert into categories (category_name, description) values (?, ?)
Hibernate: insert into categories (category_name, description) values (?, ?)
Hibernate: insert into categories (category_name, description) values (?, ?)
Hibernate: insert into categories (category_name, description) values (?, ?)
Hibernate: insert into categories (category_name, description) values (?, ?)
Hibernate: insert into categories (category_name, description) values (?, ?)
Hibernate: insert into categories (category_name, description) values (?, ?)
Hibernate: insert into categories (category_name, description) values (?, ?)
Hibernate: insert into pictures (title, url) values (?, ?)
Hibernate: insert into pictures (title, url) values (?, ?)
Hibernate: insert into pictures (title, url) values (?, ?)
Hibernate: insert into pictures (title, url) values (?, ?)
Hibernate: insert into pictures (title, url) values (?, ?)
Hibernate: insert into pictures (title, url) values (?, ?)
Hibernate: insert into pictures (title, url) values (?, ?)
Hibernate: insert into pictures (title, url) values (?, ?)
Hibernate: insert into pictures (title, url) values (?, ?)
Hibernate: insert into pictures (title, url) values (?, ?)
Hibernate: insert into pictures (title, url) values (?, ?)
Hibernate: insert into pictures (title, url) values (?, ?)
Hibernate: insert into pictures (title, url) values (?, ?)
Hibernate: insert into pictures (title, url) values (?, ?)
Hibernate: insert into pictures (title, url) values (?, ?)
Hibernate: insert into pictures (title, url) values (?, ?)
Hibernate: insert into pictures (title, url) values (?, ?)
Hibernate: insert into pictures (title, url) values (?, ?)
Hibernate: insert into pictures (title, url) values (?, ?)
Hibernate: insert into pictures (title, url) values (?, ?)
Hibernate: insert into pictures (title, url) values (?, ?)
Hibernate: insert into pictures (title, url) values (?, ?)
Hibernate: insert into pictures (title, url) values (?, ?)
Hibernate: insert into pictures (title, url) values (?, ?)
Hibernate: insert into pictures (title, url) values (?, ?)
Hibernate: insert into pictures (title, url) values (?, ?)
Hibernate: insert into pictures (title, url) values (?, ?)
Hibernate: insert into pictures (title, url) values (?, ?)
Hibernate: insert into pictures (title, url) values (?, ?)
Hibernate: insert into pictures (title, url) values (?, ?)
Hibernate: insert into pictures (title, url) values (?, ?)
Hibernate: insert into pictures (title, url) values (?, ?)
Hibernate: insert into pictures (title, url) values (?, ?)
Hibernate: insert into pictures (title, url) values (?, ?)
Hibernate: insert into pictures (title, url) values (?, ?)
Hibernate: insert into pictures (title, url) values (?, ?)
Hibernate: insert into pictures (title, url) values (?, ?)
Hibernate: insert into pictures (title, url) values (?, ?)
Hibernate: insert into pictures (title, url) values (?, ?)
Hibernate: insert into pictures (title, url) values (?, ?)
Hibernate: insert into pictures (title, url) values (?, ?)
Hibernate: insert into pictures (title, url) values (?, ?)
Hibernate: insert into pictures (title, url) values (?, ?)
Hibernate: insert into pictures (title, url) values (?, ?)
Hibernate: insert into pictures (title, url) values (?, ?)
Hibernate: insert into pictures (title, url) values (?, ?)
Hibernate: insert into pictures (title, url) values (?, ?)
Hibernate: insert into pictures (title, url) values (?, ?)
Hibernate: insert into pictures (title, url) values (?, ?)
Hibernate: insert into pictures (title, url) values (?, ?)
Hibernate: insert into pictures (title, url) values (?, ?)
Hibernate: insert into pictures (title, url) values (?, ?)
Hibernate: insert into pictures (title, url) values (?, ?)
Hibernate: insert into pictures (title, url) values (?, ?)
Hibernate: insert into pictures (title, url) values (?, ?)
Hibernate: insert into pictures (title, url) values (?, ?)
Hibernate: insert into pictures (title, url) values (?, ?)
Hibernate: insert into pictures (title, url) values (?, ?)
Hibernate: insert into pictures (title, url) values (?, ?)
Hibernate: insert into pictures (title, url) values (?, ?)
Hibernate: insert into pictures (title, url) values (?, ?)
Hibernate: insert into pictures (title, url) values (?, ?)
Hibernate: insert into pictures (title, url) values (?, ?)
Hibernate: insert into pictures (title, url) values (?, ?)
Hibernate: insert into pictures (title, url) values (?, ?)
Hibernate: insert into pictures (title, url) values (?, ?)
Hibernate: insert into pictures (title, url) values (?, ?)
Hibernate: insert into pictures (title, url) values (?, ?)
Hibernate: insert into pictures (title, url) values (?, ?)
Hibernate: insert into pictures (title, url) values (?, ?)
Hibernate: insert into pictures (title, url) values (?, ?)
Hibernate: insert into pictures (title, url) values (?, ?)
Hibernate: insert into pictures (title, url) values (?, ?)
Hibernate: insert into pictures (title, url) values (?, ?)
Hibernate: insert into pictures (title, url) values (?, ?)
Hibernate: insert into pictures (title, url) values (?, ?)
Hibernate: insert into pictures (title, url) values (?, ?)
Hibernate: insert into pictures (title, url) values (?, ?)
Hibernate: insert into pictures (title, url) values (?, ?)
Hibernate: insert into pictures (title, url) values (?, ?)
Hibernate: insert into pictures (title, url) values (?, ?)
Hibernate: insert into pictures (title, url) values (?, ?)
Hibernate: insert into pictures (title, url) values (?, ?)
Hibernate: insert into pictures (title, url) values (?, ?)
Hibernate: insert into pictures (title, url) values (?, ?)
Hibernate: insert into pictures (title, url) values (?, ?)
Hibernate: insert into pictures (title, url) values (?, ?)
Hibernate: insert into pictures (title, url) values (?, ?)
Hibernate: insert into pictures (title, url) values (?, ?)
Hibernate: insert into pictures (title, url) values (?, ?)
Hibernate: insert into pictures (title, url) values (?, ?)
Hibernate: insert into pictures (title, url) values (?, ?)
Hibernate: insert into pictures (title, url) values (?, ?)
Hibernate: insert into pictures (title, url) values (?, ?)
Hibernate: insert into pictures (title, url) values (?, ?)
Hibernate: insert into colors (color_code, color_name, cost, is_available, price) values (?, ?, ?, ?, ?)
Hibernate: insert into colors_pictures (color_id, pictures_id) values (?, ?)
Hibernate: insert into colors_pictures (color_id, pictures_id) values (?, ?)
Hibernate: insert into colors_sizes (color_id, sizes_id) values (?, ?)
Hibernate: insert into colors_sizes (color_id, sizes_id) values (?, ?)
Hibernate: insert into colors_sizes (color_id, sizes_id) values (?, ?)
Hibernate: insert into colors_sizes (color_id, sizes_id) values (?, ?)
Hibernate: insert into colors_sizes (color_id, sizes_id) values (?, ?)
Hibernate: insert into colors_sizes (color_id, sizes_id) values (?, ?)
Hibernate: insert into colors_sizes (color_id, sizes_id) values (?, ?)
Hibernate: insert into colors_sizes (color_id, sizes_id) values (?, ?)
Hibernate: insert into colors (color_code, color_name, cost, is_available, price) values (?, ?, ?, ?, ?)
Hibernate: insert into colors_pictures (color_id, pictures_id) values (?, ?)
Hibernate: insert into colors_pictures (color_id, pictures_id) values (?, ?)
Hibernate: insert into colors_sizes (color_id, sizes_id) values (?, ?)
Hibernate: insert into colors_sizes (color_id, sizes_id) values (?, ?)
Hibernate: insert into colors_sizes (color_id, sizes_id) values (?, ?)
Hibernate: insert into colors_sizes (color_id, sizes_id) values (?, ?)
Hibernate: insert into colors_sizes (color_id, sizes_id) values (?, ?)
Hibernate: insert into colors_sizes (color_id, sizes_id) values (?, ?)
Hibernate: insert into colors_sizes (color_id, sizes_id) values (?, ?)
Hibernate: insert into colors_sizes (color_id, sizes_id) values (?, ?)
Hibernate: insert into colors (color_code, color_name, cost, is_available, price) values (?, ?, ?, ?, ?)
Hibernate: insert into colors_pictures (color_id, pictures_id) values (?, ?)
Hibernate: insert into colors_pictures (color_id, pictures_id) values (?, ?)
Hibernate: insert into colors_sizes (color_id, sizes_id) values (?, ?)
Hibernate: insert into colors_sizes (color_id, sizes_id) values (?, ?)
Hibernate: insert into colors_sizes (color_id, sizes_id) values (?, ?)
Hibernate: insert into colors_sizes (color_id, sizes_id) values (?, ?)
Hibernate: insert into colors_sizes (color_id, sizes_id) values (?, ?)
Hibernate: insert into colors_sizes (color_id, sizes_id) values (?, ?)
Hibernate: insert into colors_sizes (color_id, sizes_id) values (?, ?)
Hibernate: insert into colors_sizes (color_id, sizes_id) values (?, ?)
Hibernate: insert into colors (color_code, color_name, cost, is_available, price) values (?, ?, ?, ?, ?)
Hibernate: insert into colors_pictures (color_id, pictures_id) values (?, ?)
Hibernate: insert into colors_pictures (color_id, pictures_id) values (?, ?)
Hibernate: insert into colors_sizes (color_id, sizes_id) values (?, ?)
Hibernate: insert into colors_sizes (color_id, sizes_id) values (?, ?)
Hibernate: insert into colors_sizes (color_id, sizes_id) values (?, ?)
Hibernate: insert into colors_sizes (color_id, sizes_id) values (?, ?)
Hibernate: insert into colors_sizes (color_id, sizes_id) values (?, ?)
Hibernate: insert into colors_sizes (color_id, sizes_id) values (?, ?)
Hibernate: insert into colors_sizes (color_id, sizes_id) values (?, ?)
Hibernate: insert into colors_sizes (color_id, sizes_id) values (?, ?)
Hibernate: insert into colors (color_code, color_name, cost, is_available, price) values (?, ?, ?, ?, ?)
Hibernate: insert into colors_pictures (color_id, pictures_id) values (?, ?)
Hibernate: insert into colors_pictures (color_id, pictures_id) values (?, ?)
Hibernate: insert into colors_sizes (color_id, sizes_id) values (?, ?)
Hibernate: insert into colors_sizes (color_id, sizes_id) values (?, ?)
Hibernate: insert into colors_sizes (color_id, sizes_id) values (?, ?)
Hibernate: insert into colors_sizes (color_id, sizes_id) values (?, ?)
Hibernate: insert into colors_sizes (color_id, sizes_id) values (?, ?)
Hibernate: insert into colors (color_code, color_name, cost, is_available, price) values (?, ?, ?, ?, ?)
Hibernate: insert into colors_pictures (color_id, pictures_id) values (?, ?)
Hibernate: insert into colors_pictures (color_id, pictures_id) values (?, ?)
Hibernate: insert into colors_sizes (color_id, sizes_id) values (?, ?)
Hibernate: insert into colors_sizes (color_id, sizes_id) values (?, ?)
Hibernate: insert into colors_sizes (color_id, sizes_id) values (?, ?)
Hibernate: insert into colors_sizes (color_id, sizes_id) values (?, ?)
Hibernate: insert into colors (color_code, color_name, cost, is_available, price) values (?, ?, ?, ?, ?)
Hibernate: insert into colors_pictures (color_id, pictures_id) values (?, ?)
Hibernate: insert into colors_pictures (color_id, pictures_id) values (?, ?)
Hibernate: insert into colors_sizes (color_id, sizes_id) values (?, ?)
Hibernate: insert into colors_sizes (color_id, sizes_id) values (?, ?)
Hibernate: insert into colors_sizes (color_id, sizes_id) values (?, ?)
Hibernate: insert into colors_sizes (color_id, sizes_id) values (?, ?)
Hibernate: insert into colors (color_code, color_name, cost, is_available, price) values (?, ?, ?, ?, ?)
Hibernate: insert into colors_pictures (color_id, pictures_id) values (?, ?)
Hibernate: insert into colors_pictures (color_id, pictures_id) values (?, ?)
Hibernate: insert into colors_sizes (color_id, sizes_id) values (?, ?)
Hibernate: insert into colors_sizes (color_id, sizes_id) values (?, ?)
Hibernate: insert into colors_sizes (color_id, sizes_id) values (?, ?)
Hibernate: insert into colors_sizes (color_id, sizes_id) values (?, ?)
Hibernate: insert into colors_sizes (color_id, sizes_id) values (?, ?)
Hibernate: insert into colors_sizes (color_id, sizes_id) values (?, ?)
Hibernate: insert into colors_sizes (color_id, sizes_id) values (?, ?)
Hibernate: insert into colors (color_code, color_name, cost, is_available, price) values (?, ?, ?, ?, ?)
Hibernate: insert into colors_pictures (color_id, pictures_id) values (?, ?)
Hibernate: insert into colors_pictures (color_id, pictures_id) values (?, ?)
Hibernate: insert into colors_sizes (color_id, sizes_id) values (?, ?)
Hibernate: insert into colors_sizes (color_id, sizes_id) values (?, ?)
Hibernate: insert into colors_sizes (color_id, sizes_id) values (?, ?)
Hibernate: insert into colors_sizes (color_id, sizes_id) values (?, ?)
Hibernate: insert into colors (color_code, color_name, cost, is_available, price) values (?, ?, ?, ?, ?)
Hibernate: insert into colors_pictures (color_id, pictures_id) values (?, ?)
Hibernate: insert into colors_pictures (color_id, pictures_id) values (?, ?)
Hibernate: insert into colors_sizes (color_id, sizes_id) values (?, ?)
Hibernate: insert into colors_sizes (color_id, sizes_id) values (?, ?)
Hibernate: insert into colors_sizes (color_id, sizes_id) values (?, ?)
Hibernate: insert into colors_sizes (color_id, sizes_id) values (?, ?)
Hibernate: insert into colors_sizes (color_id, sizes_id) values (?, ?)
Hibernate: insert into colors_sizes (color_id, sizes_id) values (?, ?)
Hibernate: insert into colors (color_code, color_name, cost, is_available, price) values (?, ?, ?, ?, ?)
Hibernate: insert into colors_pictures (color_id, pictures_id) values (?, ?)
Hibernate: insert into colors_pictures (color_id, pictures_id) values (?, ?)
Hibernate: insert into colors_sizes (color_id, sizes_id) values (?, ?)
Hibernate: insert into colors_sizes (color_id, sizes_id) values (?, ?)
Hibernate: insert into colors_sizes (color_id, sizes_id) values (?, ?)
Hibernate: insert into colors_sizes (color_id, sizes_id) values (?, ?)
Hibernate: insert into colors_sizes (color_id, sizes_id) values (?, ?)
Hibernate: insert into colors_sizes (color_id, sizes_id) values (?, ?)
Hibernate: insert into colors_sizes (color_id, sizes_id) values (?, ?)
Hibernate: insert into colors (color_code, color_name, cost, is_available, price) values (?, ?, ?, ?, ?)
Hibernate: insert into colors_pictures (color_id, pictures_id) values (?, ?)
Hibernate: insert into colors_pictures (color_id, pictures_id) values (?, ?)
Hibernate: insert into colors_sizes (color_id, sizes_id) values (?, ?)
Hibernate: insert into colors_sizes (color_id, sizes_id) values (?, ?)
Hibernate: insert into colors_sizes (color_id, sizes_id) values (?, ?)
Hibernate: insert into colors_sizes (color_id, sizes_id) values (?, ?)
Hibernate: insert into colors (color_code, color_name, cost, is_available, price) values (?, ?, ?, ?, ?)
Hibernate: insert into colors_pictures (color_id, pictures_id) values (?, ?)
Hibernate: insert into colors_pictures (color_id, pictures_id) values (?, ?)
Hibernate: insert into colors_sizes (color_id, sizes_id) values (?, ?)
Hibernate: insert into colors_sizes (color_id, sizes_id) values (?, ?)
Hibernate: insert into colors_sizes (color_id, sizes_id) values (?, ?)
Hibernate: insert into colors_sizes (color_id, sizes_id) values (?, ?)
Hibernate: insert into colors_sizes (color_id, sizes_id) values (?, ?)
Hibernate: insert into colors (color_code, color_name, cost, is_available, price) values (?, ?, ?, ?, ?)
Hibernate: insert into colors_pictures (color_id, pictures_id) values (?, ?)
Hibernate: insert into colors_pictures (color_id, pictures_id) values (?, ?)
Hibernate: insert into colors_pictures (color_id, pictures_id) values (?, ?)
Hibernate: insert into colors_sizes (color_id, sizes_id) values (?, ?)
Hibernate: insert into colors_sizes (color_id, sizes_id) values (?, ?)
Hibernate: insert into colors_sizes (color_id, sizes_id) values (?, ?)
Hibernate: insert into colors_sizes (color_id, sizes_id) values (?, ?)
Hibernate: insert into colors_sizes (color_id, sizes_id) values (?, ?)
Hibernate: insert into colors_sizes (color_id, sizes_id) values (?, ?)
Hibernate: insert into colors (color_code, color_name, cost, is_available, price) values (?, ?, ?, ?, ?)
Hibernate: insert into colors_pictures (color_id, pictures_id) values (?, ?)
Hibernate: insert into colors_pictures (color_id, pictures_id) values (?, ?)
Hibernate: insert into colors_pictures (color_id, pictures_id) values (?, ?)
Hibernate: insert into colors_sizes (color_id, sizes_id) values (?, ?)
Hibernate: insert into colors_sizes (color_id, sizes_id) values (?, ?)
Hibernate: insert into colors_sizes (color_id, sizes_id) values (?, ?)
Hibernate: insert into colors_sizes (color_id, sizes_id) values (?, ?)
Hibernate: insert into colors_sizes (color_id, sizes_id) values (?, ?)
Hibernate: insert into colors_sizes (color_id, sizes_id) values (?, ?)
Hibernate: insert into colors (color_code, color_name, cost, is_available, price) values (?, ?, ?, ?, ?)
Hibernate: insert into colors_pictures (color_id, pictures_id) values (?, ?)
Hibernate: insert into colors_pictures (color_id, pictures_id) values (?, ?)
Hibernate: insert into colors_pictures (color_id, pictures_id) values (?, ?)
Hibernate: insert into colors_sizes (color_id, sizes_id) values (?, ?)
Hibernate: insert into colors_sizes (color_id, sizes_id) values (?, ?)
Hibernate: insert into colors_sizes (color_id, sizes_id) values (?, ?)
Hibernate: insert into colors_sizes (color_id, sizes_id) values (?, ?)
Hibernate: insert into colors_sizes (color_id, sizes_id) values (?, ?)
Hibernate: insert into colors_sizes (color_id, sizes_id) values (?, ?)
Hibernate: insert into colors (color_code, color_name, cost, is_available, price) values (?, ?, ?, ?, ?)
Hibernate: insert into colors_pictures (color_id, pictures_id) values (?, ?)
Hibernate: insert into colors_pictures (color_id, pictures_id) values (?, ?)
Hibernate: insert into colors_pictures (color_id, pictures_id) values (?, ?)
Hibernate: insert into colors_sizes (color_id, sizes_id) values (?, ?)
Hibernate: insert into colors_sizes (color_id, sizes_id) values (?, ?)
Hibernate: insert into colors_sizes (color_id, sizes_id) values (?, ?)
Hibernate: insert into colors_sizes (color_id, sizes_id) values (?, ?)
Hibernate: insert into colors_sizes (color_id, sizes_id) values (?, ?)
Hibernate: insert into colors (color_code, color_name, cost, is_available, price) values (?, ?, ?, ?, ?)
Hibernate: insert into colors_pictures (color_id, pictures_id) values (?, ?)
Hibernate: insert into colors_pictures (color_id, pictures_id) values (?, ?)
Hibernate: insert into colors_pictures (color_id, pictures_id) values (?, ?)
Hibernate: insert into colors_sizes (color_id, sizes_id) values (?, ?)
Hibernate: insert into colors_sizes (color_id, sizes_id) values (?, ?)
Hibernate: insert into colors_sizes (color_id, sizes_id) values (?, ?)
Hibernate: insert into colors_sizes (color_id, sizes_id) values (?, ?)
Hibernate: insert into colors (color_code, color_name, cost, is_available, price) values (?, ?, ?, ?, ?)
Hibernate: insert into colors_pictures (color_id, pictures_id) values (?, ?)
Hibernate: insert into colors_pictures (color_id, pictures_id) values (?, ?)
Hibernate: insert into colors_pictures (color_id, pictures_id) values (?, ?)
Hibernate: insert into colors_sizes (color_id, sizes_id) values (?, ?)
Hibernate: insert into colors_sizes (color_id, sizes_id) values (?, ?)
Hibernate: insert into colors_sizes (color_id, sizes_id) values (?, ?)
Hibernate: insert into colors_sizes (color_id, sizes_id) values (?, ?)
Hibernate: insert into colors_sizes (color_id, sizes_id) values (?, ?)
Hibernate: insert into colors_sizes (color_id, sizes_id) values (?, ?)
Hibernate: insert into colors (color_code, color_name, cost, is_available, price) values (?, ?, ?, ?, ?)
Hibernate: insert into colors_pictures (color_id, pictures_id) values (?, ?)
Hibernate: insert into colors_pictures (color_id, pictures_id) values (?, ?)
Hibernate: insert into colors_pictures (color_id, pictures_id) values (?, ?)
Hibernate: insert into colors_sizes (color_id, sizes_id) values (?, ?)
Hibernate: insert into colors_sizes (color_id, sizes_id) values (?, ?)
Hibernate: insert into colors_sizes (color_id, sizes_id) values (?, ?)
Hibernate: insert into colors_sizes (color_id, sizes_id) values (?, ?)
Hibernate: insert into colors_sizes (color_id, sizes_id) values (?, ?)
Hibernate: insert into colors_sizes (color_id, sizes_id) values (?, ?)
Hibernate: insert into colors_sizes (color_id, sizes_id) values (?, ?)
Hibernate: insert into colors (color_code, color_name, cost, is_available, price) values (?, ?, ?, ?, ?)
Hibernate: insert into colors_pictures (color_id, pictures_id) values (?, ?)
Hibernate: insert into colors_pictures (color_id, pictures_id) values (?, ?)
Hibernate: insert into colors_pictures (color_id, pictures_id) values (?, ?)
Hibernate: insert into colors_sizes (color_id, sizes_id) values (?, ?)
Hibernate: insert into colors_sizes (color_id, sizes_id) values (?, ?)
Hibernate: insert into colors_sizes (color_id, sizes_id) values (?, ?)
Hibernate: insert into colors_sizes (color_id, sizes_id) values (?, ?)
Hibernate: insert into colors_sizes (color_id, sizes_id) values (?, ?)
Hibernate: insert into colors_sizes (color_id, sizes_id) values (?, ?)
Hibernate: insert into colors_sizes (color_id, sizes_id) values (?, ?)
Hibernate: insert into colors_sizes (color_id, sizes_id) values (?, ?)
Hibernate: insert into colors (color_code, color_name, cost, is_available, price) values (?, ?, ?, ?, ?)
Hibernate: insert into colors_pictures (color_id, pictures_id) values (?, ?)
Hibernate: insert into colors_pictures (color_id, pictures_id) values (?, ?)
Hibernate: insert into colors_pictures (color_id, pictures_id) values (?, ?)
Hibernate: insert into colors_sizes (color_id, sizes_id) values (?, ?)
Hibernate: insert into colors_sizes (color_id, sizes_id) values (?, ?)
Hibernate: insert into colors_sizes (color_id, sizes_id) values (?, ?)
Hibernate: insert into colors_sizes (color_id, sizes_id) values (?, ?)
Hibernate: insert into colors_sizes (color_id, sizes_id) values (?, ?)
Hibernate: insert into colors_sizes (color_id, sizes_id) values (?, ?)
Hibernate: insert into colors_sizes (color_id, sizes_id) values (?, ?)
Hibernate: insert into colors (color_code, color_name, cost, is_available, price) values (?, ?, ?, ?, ?)
Hibernate: insert into colors_pictures (color_id, pictures_id) values (?, ?)
Hibernate: insert into colors_pictures (color_id, pictures_id) values (?, ?)
Hibernate: insert into colors_pictures (color_id, pictures_id) values (?, ?)
Hibernate: insert into colors_sizes (color_id, sizes_id) values (?, ?)
Hibernate: insert into colors_sizes (color_id, sizes_id) values (?, ?)
Hibernate: insert into colors_sizes (color_id, sizes_id) values (?, ?)
Hibernate: insert into colors_sizes (color_id, sizes_id) values (?, ?)
Hibernate: insert into colors_sizes (color_id, sizes_id) values (?, ?)
Hibernate: insert into colors_sizes (color_id, sizes_id) values (?, ?)
Hibernate: insert into colors_sizes (color_id, sizes_id) values (?, ?)
Hibernate: insert into colors (color_code, color_name, cost, is_available, price) values (?, ?, ?, ?, ?)
Hibernate: insert into colors_pictures (color_id, pictures_id) values (?, ?)
Hibernate: insert into colors_pictures (color_id, pictures_id) values (?, ?)
Hibernate: insert into colors_pictures (color_id, pictures_id) values (?, ?)
Hibernate: insert into colors_sizes (color_id, sizes_id) values (?, ?)
Hibernate: insert into colors_sizes (color_id, sizes_id) values (?, ?)
Hibernate: insert into colors_sizes (color_id, sizes_id) values (?, ?)
Hibernate: insert into colors_sizes (color_id, sizes_id) values (?, ?)
Hibernate: insert into colors_sizes (color_id, sizes_id) values (?, ?)
Hibernate: insert into colors_sizes (color_id, sizes_id) values (?, ?)
Hibernate: insert into colors_sizes (color_id, sizes_id) values (?, ?)
Hibernate: insert into colors (color_code, color_name, cost, is_available, price) values (?, ?, ?, ?, ?)
Hibernate: insert into colors_pictures (color_id, pictures_id) values (?, ?)
Hibernate: insert into colors_pictures (color_id, pictures_id) values (?, ?)
Hibernate: insert into colors_pictures (color_id, pictures_id) values (?, ?)
Hibernate: insert into colors_sizes (color_id, sizes_id) values (?, ?)
Hibernate: insert into colors_sizes (color_id, sizes_id) values (?, ?)
Hibernate: insert into colors_sizes (color_id, sizes_id) values (?, ?)
Hibernate: insert into colors_sizes (color_id, sizes_id) values (?, ?)
Hibernate: insert into colors_sizes (color_id, sizes_id) values (?, ?)
Hibernate: insert into colors_sizes (color_id, sizes_id) values (?, ?)
Hibernate: insert into colors_sizes (color_id, sizes_id) values (?, ?)
Hibernate: insert into colors (color_code, color_name, cost, is_available, price) values (?, ?, ?, ?, ?)
Hibernate: insert into colors_pictures (color_id, pictures_id) values (?, ?)
Hibernate: insert into colors_pictures (color_id, pictures_id) values (?, ?)
Hibernate: insert into colors_pictures (color_id, pictures_id) values (?, ?)
Hibernate: insert into colors_sizes (color_id, sizes_id) values (?, ?)
Hibernate: insert into colors_sizes (color_id, sizes_id) values (?, ?)
Hibernate: insert into colors_sizes (color_id, sizes_id) values (?, ?)
Hibernate: insert into colors_sizes (color_id, sizes_id) values (?, ?)
Hibernate: insert into colors_sizes (color_id, sizes_id) values (?, ?)
Hibernate: insert into colors_sizes (color_id, sizes_id) values (?, ?)
Hibernate: insert into colors_sizes (color_id, sizes_id) values (?, ?)
Hibernate: insert into colors (color_code, color_name, cost, is_available, price) values (?, ?, ?, ?, ?)
Hibernate: insert into colors_pictures (color_id, pictures_id) values (?, ?)
Hibernate: insert into colors_pictures (color_id, pictures_id) values (?, ?)
Hibernate: insert into colors_pictures (color_id, pictures_id) values (?, ?)
Hibernate: insert into colors_sizes (color_id, sizes_id) values (?, ?)
Hibernate: insert into colors_sizes (color_id, sizes_id) values (?, ?)
Hibernate: insert into colors_sizes (color_id, sizes_id) values (?, ?)
Hibernate: insert into colors_sizes (color_id, sizes_id) values (?, ?)
Hibernate: insert into colors_sizes (color_id, sizes_id) values (?, ?)
Hibernate: insert into colors_sizes (color_id, sizes_id) values (?, ?)
Hibernate: insert into colors_sizes (color_id, sizes_id) values (?, ?)
Hibernate: insert into colors (color_code, color_name, cost, is_available, price) values (?, ?, ?, ?, ?)
Hibernate: insert into colors_pictures (color_id, pictures_id) values (?, ?)
Hibernate: insert into colors_pictures (color_id, pictures_id) values (?, ?)
Hibernate: insert into colors_pictures (color_id, pictures_id) values (?, ?)
Hibernate: insert into colors_sizes (color_id, sizes_id) values (?, ?)
Hibernate: insert into colors_sizes (color_id, sizes_id) values (?, ?)
Hibernate: insert into colors_sizes (color_id, sizes_id) values (?, ?)
Hibernate: insert into colors_sizes (color_id, sizes_id) values (?, ?)
Hibernate: insert into colors_sizes (color_id, sizes_id) values (?, ?)
Hibernate: insert into colors_sizes (color_id, sizes_id) values (?, ?)
Hibernate: insert into colors (color_code, color_name, cost, is_available, price) values (?, ?, ?, ?, ?)
Hibernate: insert into colors_pictures (color_id, pictures_id) values (?, ?)
Hibernate: insert into colors_pictures (color_id, pictures_id) values (?, ?)
Hibernate: insert into colors_pictures (color_id, pictures_id) values (?, ?)
Hibernate: insert into colors_sizes (color_id, sizes_id) values (?, ?)
Hibernate: insert into colors_sizes (color_id, sizes_id) values (?, ?)
Hibernate: insert into colors_sizes (color_id, sizes_id) values (?, ?)
Hibernate: insert into colors_sizes (color_id, sizes_id) values (?, ?)
Hibernate: insert into colors_sizes (color_id, sizes_id) values (?, ?)
Hibernate: insert into colors_sizes (color_id, sizes_id) values (?, ?)
Hibernate: insert into colors (color_code, color_name, cost, is_available, price) values (?, ?, ?, ?, ?)
Hibernate: insert into colors_pictures (color_id, pictures_id) values (?, ?)
Hibernate: insert into colors_pictures (color_id, pictures_id) values (?, ?)
Hibernate: insert into colors_pictures (color_id, pictures_id) values (?, ?)
Hibernate: insert into colors_sizes (color_id, sizes_id) values (?, ?)
Hibernate: insert into colors_sizes (color_id, sizes_id) values (?, ?)
Hibernate: insert into colors_sizes (color_id, sizes_id) values (?, ?)
Hibernate: insert into colors_sizes (color_id, sizes_id) values (?, ?)
Hibernate: insert into colors_sizes (color_id, sizes_id) values (?, ?)
Hibernate: insert into colors (color_code, color_name, cost, is_available, price) values (?, ?, ?, ?, ?)
Hibernate: insert into colors_pictures (color_id, pictures_id) values (?, ?)
Hibernate: insert into colors_pictures (color_id, pictures_id) values (?, ?)
Hibernate: insert into colors_sizes (color_id, sizes_id) values (?, ?)
Hibernate: insert into colors_sizes (color_id, sizes_id) values (?, ?)
Hibernate: insert into colors_sizes (color_id, sizes_id) values (?, ?)
Hibernate: insert into colors_sizes (color_id, sizes_id) values (?, ?)
Hibernate: insert into colors_sizes (color_id, sizes_id) values (?, ?)
Hibernate: insert into colors_sizes (color_id, sizes_id) values (?, ?)
Hibernate: insert into colors (color_code, color_name, cost, is_available, price) values (?, ?, ?, ?, ?)
Hibernate: insert into colors_pictures (color_id, pictures_id) values (?, ?)
Hibernate: insert into colors_pictures (color_id, pictures_id) values (?, ?)
Hibernate: insert into colors_pictures (color_id, pictures_id) values (?, ?)
Hibernate: insert into colors_sizes (color_id, sizes_id) values (?, ?)
Hibernate: insert into colors_sizes (color_id, sizes_id) values (?, ?)
Hibernate: insert into colors_sizes (color_id, sizes_id) values (?, ?)
Hibernate: insert into colors (color_code, color_name, cost, is_available, price) values (?, ?, ?, ?, ?)
Hibernate: insert into colors_pictures (color_id, pictures_id) values (?, ?)
Hibernate: insert into colors_pictures (color_id, pictures_id) values (?, ?)
Hibernate: insert into colors_pictures (color_id, pictures_id) values (?, ?)
Hibernate: insert into colors_sizes (color_id, sizes_id) values (?, ?)
Hibernate: insert into colors_sizes (color_id, sizes_id) values (?, ?)
Hibernate: insert into colors (color_code, color_name, cost, is_available, price) values (?, ?, ?, ?, ?)
Hibernate: insert into colors_pictures (color_id, pictures_id) values (?, ?)
Hibernate: insert into colors_pictures (color_id, pictures_id) values (?, ?)
Hibernate: insert into colors_sizes (color_id, sizes_id) values (?, ?)
Hibernate: insert into colors_sizes (color_id, sizes_id) values (?, ?)
Hibernate: insert into colors_sizes (color_id, sizes_id) values (?, ?)
Hibernate: insert into colors_sizes (color_id, sizes_id) values (?, ?)
Hibernate: insert into colors_sizes (color_id, sizes_id) values (?, ?)
Hibernate: insert into colors_sizes (color_id, sizes_id) values (?, ?)
Hibernate: insert into colors_sizes (color_id, sizes_id) values (?, ?)
Hibernate: insert into colors (color_code, color_name, cost, is_available, price) values (?, ?, ?, ?, ?)
Hibernate: insert into colors_pictures (color_id, pictures_id) values (?, ?)
Hibernate: insert into colors_pictures (color_id, pictures_id) values (?, ?)
Hibernate: insert into colors_sizes (color_id, sizes_id) values (?, ?)
Hibernate: insert into colors_sizes (color_id, sizes_id) values (?, ?)
Hibernate: insert into colors_sizes (color_id, sizes_id) values (?, ?)
Hibernate: insert into colors_sizes (color_id, sizes_id) values (?, ?)
Hibernate: insert into colors_sizes (color_id, sizes_id) values (?, ?)
Hibernate: insert into colors_sizes (color_id, sizes_id) values (?, ?)
Hibernate: insert into colors_sizes (color_id, sizes_id) values (?, ?)
Hibernate: insert into colors (color_code, color_name, cost, is_available, price) values (?, ?, ?, ?, ?)
Hibernate: insert into colors_pictures (color_id, pictures_id) values (?, ?)
Hibernate: insert into colors_pictures (color_id, pictures_id) values (?, ?)
Hibernate: insert into colors_pictures (color_id, pictures_id) values (?, ?)
Hibernate: insert into colors_sizes (color_id, sizes_id) values (?, ?)
Hibernate: insert into colors_sizes (color_id, sizes_id) values (?, ?)
Hibernate: insert into colors_sizes (color_id, sizes_id) values (?, ?)
Hibernate: insert into colors_sizes (color_id, sizes_id) values (?, ?)
Hibernate: insert into wear (added, description, name, rating, slogan, fabric) values (?, ?, ?, ?, ?, ?)
Hibernate: insert into wear_categories (wear_id, categories_id) values (?, ?)
Hibernate: insert into wear_categories (wear_id, categories_id) values (?, ?)
Hibernate: insert into wear_categories (wear_id, categories_id) values (?, ?)
Hibernate: insert into wear_categories (wear_id, categories_id) values (?, ?)
Hibernate: insert into wear_available_colors (wear_id, available_colors_id) values (?, ?)
Hibernate: insert into wear_available_colors (wear_id, available_colors_id) values (?, ?)
Hibernate: insert into wear_available_colors (wear_id, available_colors_id) values (?, ?)
Hibernate: insert into wear_available_colors (wear_id, available_colors_id) values (?, ?)
Hibernate: insert into wear (added, description, name, rating, slogan, fabric) values (?, ?, ?, ?, ?, ?)
Hibernate: insert into wear_categories (wear_id, categories_id) values (?, ?)
Hibernate: insert into wear_categories (wear_id, categories_id) values (?, ?)
Hibernate: insert into wear_categories (wear_id, categories_id) values (?, ?)
Hibernate: insert into wear_categories (wear_id, categories_id) values (?, ?)
Hibernate: insert into wear_available_colors (wear_id, available_colors_id) values (?, ?)
Hibernate: insert into wear_available_colors (wear_id, available_colors_id) values (?, ?)
Hibernate: insert into wear_available_colors (wear_id, available_colors_id) values (?, ?)
Hibernate: insert into wear_available_colors (wear_id, available_colors_id) values (?, ?)
Hibernate: insert into wear_available_colors (wear_id, available_colors_id) values (?, ?)
Hibernate: insert into wear_available_colors (wear_id, available_colors_id) values (?, ?)
Hibernate: insert into wear (added, description, name, rating, slogan, fabric) values (?, ?, ?, ?, ?, ?)
Hibernate: insert into wear_categories (wear_id, categories_id) values (?, ?)
Hibernate: insert into wear_categories (wear_id, categories_id) values (?, ?)
Hibernate: insert into wear_categories (wear_id, categories_id) values (?, ?)
Hibernate: insert into wear_available_colors (wear_id, available_colors_id) values (?, ?)
Hibernate: insert into wear_available_colors (wear_id, available_colors_id) values (?, ?)
Hibernate: insert into wear_available_colors (wear_id, available_colors_id) values (?, ?)
Hibernate: insert into wear (added, description, name, rating, slogan, fabric) values (?, ?, ?, ?, ?, ?)
Hibernate: insert into wear_categories (wear_id, categories_id) values (?, ?)
Hibernate: insert into wear_categories (wear_id, categories_id) values (?, ?)
Hibernate: insert into wear_categories (wear_id, categories_id) values (?, ?)
Hibernate: insert into wear_available_colors (wear_id, available_colors_id) values (?, ?)
Hibernate: insert into wear_available_colors (wear_id, available_colors_id) values (?, ?)
Hibernate: insert into wear_available_colors (wear_id, available_colors_id) values (?, ?)
Hibernate: insert into wear (added, description, name, rating, slogan, fabric) values (?, ?, ?, ?, ?, ?)
Hibernate: insert into wear_categories (wear_id, categories_id) values (?, ?)
Hibernate: insert into wear_categories (wear_id, categories_id) values (?, ?)
Hibernate: insert into wear_categories (wear_id, categories_id) values (?, ?)
Hibernate: insert into wear_available_colors (wear_id, available_colors_id) values (?, ?)
Hibernate: insert into wear_available_colors (wear_id, available_colors_id) values (?, ?)
Hibernate: insert into wear_available_colors (wear_id, available_colors_id) values (?, ?)
Hibernate: insert into wear_available_colors (wear_id, available_colors_id) values (?, ?)
Hibernate: insert into wear (added, description, name, rating, slogan, fabric) values (?, ?, ?, ?, ?, ?)
Hibernate: insert into wear_categories (wear_id, categories_id) values (?, ?)
Hibernate: insert into wear_categories (wear_id, categories_id) values (?, ?)
Hibernate: insert into wear_categories (wear_id, categories_id) values (?, ?)
Hibernate: insert into wear_categories (wear_id, categories_id) values (?, ?)
Hibernate: insert into wear_available_colors (wear_id, available_colors_id) values (?, ?)
Hibernate: insert into wear (added, description, name, rating, slogan, fabric) values (?, ?, ?, ?, ?, ?)
Hibernate: insert into wear_categories (wear_id, categories_id) values (?, ?)
Hibernate: insert into wear_categories (wear_id, categories_id) values (?, ?)
Hibernate: insert into wear_categories (wear_id, categories_id) values (?, ?)
Hibernate: insert into wear_available_colors (wear_id, available_colors_id) values (?, ?)
Hibernate: insert into wear_available_colors (wear_id, available_colors_id) values (?, ?)
Hibernate: insert into wear (added, description, name, rating, slogan, fabric) values (?, ?, ?, ?, ?, ?)
Hibernate: insert into wear_categories (wear_id, categories_id) values (?, ?)
Hibernate: insert into wear_categories (wear_id, categories_id) values (?, ?)
Hibernate: insert into wear_categories (wear_id, categories_id) values (?, ?)
Hibernate: insert into wear_available_colors (wear_id, available_colors_id) values (?, ?)
Hibernate: insert into wear_available_colors (wear_id, available_colors_id) values (?, ?)
Hibernate: insert into wear (added, description, name, rating, slogan, fabric) values (?, ?, ?, ?, ?, ?)
Hibernate: insert into wear_categories (wear_id, categories_id) values (?, ?)
Hibernate: insert into wear_categories (wear_id, categories_id) values (?, ?)
Hibernate: insert into wear_categories (wear_id, categories_id) values (?, ?)
Hibernate: insert into wear_available_colors (wear_id, available_colors_id) values (?, ?)
Hibernate: insert into wear_available_colors (wear_id, available_colors_id) values (?, ?)
Hibernate: insert into wear_available_colors (wear_id, available_colors_id) values (?, ?)
Hibernate: insert into wear_available_colors (wear_id, available_colors_id) values (?, ?)
Hibernate: insert into wear_available_colors (wear_id, available_colors_id) values (?, ?)
Hibernate: insert into wear (added, description, name, rating, slogan, fabric) values (?, ?, ?, ?, ?, ?)
Hibernate: insert into wear_categories (wear_id, categories_id) values (?, ?)
Hibernate: insert into wear_categories (wear_id, categories_id) values (?, ?)
Hibernate: insert into wear_categories (wear_id, categories_id) values (?, ?)
Hibernate: insert into wear_available_colors (wear_id, available_colors_id) values (?, ?)
Hibernate: insert into wear (added, description, name, rating, slogan, fabric) values (?, ?, ?, ?, ?, ?)
Hibernate: insert into wear_categories (wear_id, categories_id) values (?, ?)
Hibernate: insert into wear_categories (wear_id, categories_id) values (?, ?)
Hibernate: insert into wear_categories (wear_id, categories_id) values (?, ?)
Hibernate: insert into wear_categories (wear_id, categories_id) values (?, ?)
Hibernate: insert into wear_available_colors (wear_id, available_colors_id) values (?, ?)
Hibernate: insert into wear_available_colors (wear_id, available_colors_id) values (?, ?)
Hibernate: insert into wear (added, description, name, rating, slogan, fabric) values (?, ?, ?, ?, ?, ?)
Hibernate: insert into wear_categories (wear_id, categories_id) values (?, ?)
Hibernate: insert into wear_categories (wear_id, categories_id) values (?, ?)
Hibernate: insert into wear_categories (wear_id, categories_id) values (?, ?)
Hibernate: insert into wear_available_colors (wear_id, available_colors_id) values (?, ?)
Hibernate: insert into wear_available_colors (wear_id, available_colors_id) values (?, ?)
Hibernate: insert into wear_available_colors (wear_id, available_colors_id) values (?, ?)
Hibernate: insert into exclusives (discount_percent, end_date, exclusive_picture_id, is_active, start_date, title) values (?, ?, ?, ?, ?, ?)
Hibernate: insert into exclusives_discounted_categories (exclusive_offer_id, discounted_categories_id) values (?, ?)
Hibernate: insert into exclusives (discount_percent, end_date, exclusive_picture_id, is_active, start_date, title) values (?, ?, ?, ?, ?, ?)
Hibernate: insert into exclusives_discounted_categories (exclusive_offer_id, discounted_categories_id) values (?, ?)
Hibernate: insert into exclusives_discounted_categories (exclusive_offer_id, discounted_categories_id) values (?, ?)
Hibernate: insert into exclusives (discount_percent, end_date, exclusive_picture_id, is_active, start_date, title) values (?, ?, ?, ?, ?, ?)
Hibernate: insert into exclusives_discounted_categories (exclusive_offer_id, discounted_categories_id) values (?, ?)
Hibernate: insert into exclusives_discounted_categories (exclusive_offer_id, discounted_categories_id) values (?, ?)
Hibernate: insert into exclusives (discount_percent, end_date, exclusive_picture_id, is_active, start_date, title) values (?, ?, ?, ?, ?, ?)
Hibernate: insert into exclusives_discounted_categories (exclusive_offer_id, discounted_categories_id) values (?, ?)
Hibernate: insert into exclusives_discounted_categories (exclusive_offer_id, discounted_categories_id) values (?, ?)
Hibernate: insert into user_roles (role) values (?)
Hibernate: insert into user_roles (role) values (?)
Hibernate: insert into user_roles (role) values (?)
Hibernate: insert into users (address_id, email, first_name, last_name, password, phone_number, profile_photo_id, username) values (?, ?, ?, ?, ?, ?, ?, ?)
Hibernate: insert into users_user_roles (user_entity_id, user_roles_id) values (?, ?)
Hibernate: insert into users_user_roles (user_entity_id, user_roles_id) values (?, ?)
Hibernate: insert into users_user_roles (user_entity_id, user_roles_id) values (?, ?)
Hibernate: insert into users (address_id, email, first_name, last_name, password, phone_number, profile_photo_id, username) values (?, ?, ?, ?, ?, ?, ?, ?)
Hibernate: insert into users_user_roles (user_entity_id, user_roles_id) values (?, ?)
Hibernate: insert into users_user_roles (user_entity_id, user_roles_id) values (?, ?)
Hibernate: insert into users (address_id, email, first_name, last_name, password, phone_number, profile_photo_id, username) values (?, ?, ?, ?, ?, ?, ?, ?)
Hibernate: insert into users_user_roles (user_entity_id, user_roles_id) values (?, ?)
]]></system-out>
  <system-err><![CDATA[]]></system-err>
</testsuite>
